turn 1
self.diffuse_time = 0
self.combat_time_history = deque([0, 0, 0, 0, 0])
self.combat_time = 0
self.explore_time = 0
issue_combat_task.start = 1
issue_combat_task.finish = 1
food_influence.start = 1
set_influence.merge start: 2
np_temp_maps.shape = (7, 84, 84)
set_influence.finish: 3
raze_influence.start = 3
defense_influence.start = 3
explore_influence.start = 3
influences.finish = 3
explore_influence.diffuse().start = 3
explore_influence.diffuse().finish = 9
merging map.start = 9
merging map.finish = 9
self.avoidance_explore.finish = 9
self.normal_explore.finish = 9
endturn: my_ants count = 3, time_elapsed = 9
turn 2
self.diffuse_time = 0
self.combat_time_history = deque([0, 0, 0, 0, 0])
self.combat_time = 0
self.explore_time = -1
issue_combat_task.start = 0
issue_combat_task.finish = 0
food_influence.start = 0
set_influence.merge start: 1
np_temp_maps.shape = (6, 84, 84)
set_influence.finish: 1
raze_influence.start = 1
defense_influence.start = 1
explore_influence.start = 1
influences.finish = 1
explore_influence.diffuse().start = 1
explore_influence.diffuse().finish = 6
merging map.start = 7
merging map.finish = 7
self.avoidance_explore.finish = 7
self.normal_explore.finish = 7
endturn: my_ants count = 3, time_elapsed = 7
turn 3
self.diffuse_time = 0
self.combat_time_history = deque([0, 0, 0, 0, 0])
self.combat_time = 0
self.explore_time = -1
issue_combat_task.start = 0
issue_combat_task.finish = 0
food_influence.start = 0
set_influence.merge start: 1
np_temp_maps.shape = (5, 84, 84)
set_influence.finish: 1
raze_influence.start = 1
defense_influence.start = 1
explore_influence.start = 1
influences.finish = 1
explore_influence.diffuse().start = 1
explore_influence.diffuse().finish = 7
merging map.start = 7
merging map.finish = 8
self.avoidance_explore.finish = 8
self.normal_explore.finish = 8
endturn: my_ants count = 3, time_elapsed = 8
turn 4
self.diffuse_time = 0
self.combat_time_history = deque([0, 0, 0, 0, 0])
self.combat_time = 0
self.explore_time = -1
issue_combat_task.start = 4
issue_combat_task.finish = 5
food_influence.start = 5
set_influence.merge start: 7
np_temp_maps.shape = (6, 84, 84)
set_influence.finish: 8
raze_influence.start = 8
defense_influence.start = 8
explore_influence.start = 8
influences.finish = 9
explore_influence.diffuse().start = 9
explore_influence.diffuse().finish = 38
merging map.start = 38
merging map.finish = 38
self.avoidance_explore.finish = 38
self.normal_explore.finish = 39
endturn: my_ants count = 4, time_elapsed = 39
turn 5
self.diffuse_time = 1
self.combat_time_history = deque([0, 0, 0, 0, 1])
self.combat_time = 1
self.explore_time = 0
issue_combat_task.start = 1
issue_combat_task.finish = 2
food_influence.start = 2
set_influence.merge start: 2
np_temp_maps.shape = (5, 84, 84)
set_influence.finish: 2
raze_influence.start = 3
defense_influence.start = 3
explore_influence.start = 3
influences.finish = 3
explore_influence.diffuse().start = 3
explore_influence.diffuse().finish = 15
merging map.start = 15
merging map.finish = 15
self.avoidance_explore.finish = 15
self.normal_explore.finish = 15
endturn: my_ants count = 4, time_elapsed = 15
turn 6
self.diffuse_time = 0
self.combat_time_history = deque([0, 0, 0, 1, 1])
self.combat_time = 1
self.explore_time = -1
issue_combat_task.start = 1
issue_combat_task.finish = 1
food_influence.start = 1
set_influence.merge start: 1
np_temp_maps.shape = (5, 84, 84)
set_influence.finish: 1
raze_influence.start = 1
defense_influence.start = 1
explore_influence.start = 1
influences.finish = 1
explore_influence.diffuse().start = 1
explore_influence.diffuse().finish = 10
merging map.start = 10
merging map.finish = 10
self.avoidance_explore.finish = 10
self.normal_explore.finish = 10
endturn: my_ants count = 5, time_elapsed = 10
turn 7
self.diffuse_time = 0
self.combat_time_history = deque([0, 0, 1, 1, 0])
self.combat_time = 1
self.explore_time = -1
issue_combat_task.start = 0
issue_combat_task.finish = 0
food_influence.start = 0
set_influence.merge start: 1
np_temp_maps.shape = (5, 84, 84)
set_influence.finish: 1
raze_influence.start = 1
defense_influence.start = 1
explore_influence.start = 1
influences.finish = 1
explore_influence.diffuse().start = 1
explore_influence.diffuse().finish = 9
merging map.start = 9
merging map.finish = 9
self.avoidance_explore.finish = 9
self.normal_explore.finish = 10
endturn: my_ants count = 5, time_elapsed = 10
turn 8
self.diffuse_time = 0
self.combat_time_history = deque([0, 1, 1, 0, 0])
self.combat_time = 1
self.explore_time = 0
issue_combat_task.start = 0
issue_combat_task.finish = 0
food_influence.start = 0
set_influence.merge start: 1
np_temp_maps.shape = (3, 84, 84)
set_influence.finish: 1
raze_influence.start = 1
defense_influence.start = 1
explore_influence.start = 1
influences.finish = 1
explore_influence.diffuse().start = 1
explore_influence.diffuse().finish = 10
merging map.start = 10
merging map.finish = 10
self.avoidance_explore.finish = 10
self.normal_explore.finish = 10
endturn: my_ants count = 6, time_elapsed = 10
turn 9
self.diffuse_time = 0
self.combat_time_history = deque([1, 1, 0, 0, 0])
self.combat_time = 1
self.explore_time = -1
issue_combat_task.start = 0
issue_combat_task.finish = 0
food_influence.start = 0
set_influence.merge start: 1
np_temp_maps.shape = (2, 84, 84)
set_influence.finish: 1
raze_influence.start = 1
defense_influence.start = 1
explore_influence.start = 1
influences.finish = 1
explore_influence.diffuse().start = 1
explore_influence.diffuse().finish = 10
merging map.start = 10
merging map.finish = 10
self.avoidance_explore.finish = 10
self.normal_explore.finish = 11
endturn: my_ants count = 8, time_elapsed = 11
turn 10
self.diffuse_time = 0
self.combat_time_history = deque([1, 0, 0, 0, 0])
self.combat_time = 1
self.explore_time = 0
issue_combat_task.start = 0
issue_combat_task.finish = 0
food_influence.start = 0
set_influence.merge start: 1
np_temp_maps.shape = (2, 84, 84)
set_influence.finish: 1
raze_influence.start = 1
defense_influence.start = 1
explore_influence.start = 1
influences.finish = 1
explore_influence.diffuse().start = 1
explore_influence.diffuse().finish = 11
merging map.start = 11
merging map.finish = 11
self.avoidance_explore.finish = 11
self.normal_explore.finish = 11
endturn: my_ants count = 9, time_elapsed = 11
turn 11
self.diffuse_time = 0
self.combat_time_history = deque([0, 0, 0, 0, 0])
self.combat_time = 0
self.explore_time = -1
issue_combat_task.start = 1
issue_combat_task.finish = 1
food_influence.start = 1
set_influence.merge start: 1
np_temp_maps.shape = (3, 84, 84)
set_influence.finish: 1
raze_influence.start = 1
defense_influence.start = 1
explore_influence.start = 1
influences.finish = 1
explore_influence.diffuse().start = 1
explore_influence.diffuse().finish = 11
merging map.start = 11
merging map.finish = 11
self.avoidance_explore.finish = 11
self.normal_explore.finish = 12
endturn: my_ants count = 9, time_elapsed = 12
turn 12
self.diffuse_time = 0
self.combat_time_history = deque([0, 0, 0, 0, 1])
self.combat_time = 1
self.explore_time = 0
issue_combat_task.start = 5
issue_combat_task.finish = 5
food_influence.start = 5
set_influence.merge start: 7
np_temp_maps.shape = (4, 84, 84)
set_influence.finish: 8
raze_influence.start = 8
defense_influence.start = 9
explore_influence.start = 9
influences.finish = 9
explore_influence.diffuse().start = 9
explore_influence.diffuse().finish = 38
merging map.start = 38
merging map.finish = 39
self.avoidance_explore.finish = 39
self.normal_explore.finish = 39
endturn: my_ants count = 9, time_elapsed = 39
turn 13
self.diffuse_time = 1
self.combat_time_history = deque([0, 0, 0, 1, 0])
self.combat_time = 1
self.explore_time = -1
issue_combat_task.start = 1
issue_combat_task.finish = 1
food_influence.start = 1
set_influence.merge start: 1
np_temp_maps.shape = (4, 84, 84)
set_influence.finish: 2
raze_influence.start = 2
defense_influence.start = 2
explore_influence.start = 2
influences.finish = 2
explore_influence.diffuse().start = 2
explore_influence.diffuse().finish = 15
merging map.start = 15
merging map.finish = 15
self.avoidance_explore.finish = 15
self.normal_explore.finish = 16
endturn: my_ants count = 9, time_elapsed = 16
turn 14
self.diffuse_time = 0
self.combat_time_history = deque([0, 0, 1, 0, 0])
self.combat_time = 1
self.explore_time = 0
issue_combat_task.start = 0
issue_combat_task.finish = 0
food_influence.start = 0
set_influence.merge start: 1
np_temp_maps.shape = (3, 84, 84)
set_influence.finish: 1
raze_influence.start = 1
defense_influence.start = 1
explore_influence.start = 1
influences.finish = 1
explore_influence.diffuse().start = 1
explore_influence.diffuse().finish = 13
merging map.start = 13
merging map.finish = 13
self.avoidance_explore.finish = 13
self.normal_explore.finish = 13
endturn: my_ants count = 9, time_elapsed = 13
turn 15
self.diffuse_time = 0
self.combat_time_history = deque([0, 1, 0, 0, 0])
self.combat_time = 1
self.explore_time = -1
issue_combat_task.start = 0
issue_combat_task.finish = 0
food_influence.start = 0
set_influence.merge start: 1
np_temp_maps.shape = (4, 84, 84)
set_influence.finish: 1
raze_influence.start = 1
defense_influence.start = 1
explore_influence.start = 1
influences.finish = 1
explore_influence.diffuse().start = 1
explore_influence.diffuse().finish = 13
merging map.start = 13
merging map.finish = 13
self.avoidance_explore.finish = 13
self.normal_explore.finish = 14
endturn: my_ants count = 10, time_elapsed = 14
turn 16
self.diffuse_time = 0
self.combat_time_history = deque([1, 0, 0, 0, 0])
self.combat_time = 1
self.explore_time = 0
issue_combat_task.start = 0
issue_combat_task.finish = 0
food_influence.start = 0
set_influence.merge start: 0
np_temp_maps.shape = (3, 84, 84)
set_influence.finish: 1
raze_influence.start = 1
defense_influence.start = 1
explore_influence.start = 1
influences.finish = 1
explore_influence.diffuse().start = 1
explore_influence.diffuse().finish = 14
merging map.start = 14
merging map.finish = 14
self.avoidance_explore.finish = 14
self.normal_explore.finish = 14
endturn: my_ants count = 10, time_elapsed = 14
turn 17
self.diffuse_time = 0
self.combat_time_history = deque([0, 0, 0, 0, 0])
self.combat_time = 0
self.explore_time = -1
issue_combat_task.start = 0
issue_combat_task.finish = 0
food_influence.start = 0
set_influence.merge start: 0
np_temp_maps.shape = (2, 84, 84)
set_influence.finish: 1
raze_influence.start = 1
defense_influence.start = 1
explore_influence.start = 1
influences.finish = 1
explore_influence.diffuse().start = 1
explore_influence.diffuse().finish = 14
merging map.start = 15
merging map.finish = 15
self.avoidance_explore.finish = 15
self.normal_explore.finish = 15
endturn: my_ants count = 10, time_elapsed = 15
turn 18
self.diffuse_time = 0
self.combat_time_history = deque([0, 0, 0, 0, 0])
self.combat_time = 0
self.explore_time = -1
issue_combat_task.start = 0
issue_combat_task.finish = 0
food_influence.start = 1
set_influence.merge start: 1
np_temp_maps.shape = (5, 84, 84)
set_influence.finish: 1
raze_influence.start = 1
defense_influence.start = 1
explore_influence.start = 1
influences.finish = 1
explore_influence.diffuse().start = 1
explore_influence.diffuse().finish = 16
merging map.start = 16
merging map.finish = 16
self.avoidance_explore.finish = 16
self.normal_explore.finish = 17
endturn: my_ants count = 11, time_elapsed = 17
turn 19
self.diffuse_time = 0
self.combat_time_history = deque([0, 0, 0, 0, 1])
self.combat_time = 1
self.explore_time = 0
issue_combat_task.start = 0
issue_combat_task.finish = 0
food_influence.start = 0
set_influence.merge start: 1
np_temp_maps.shape = (5, 84, 84)
set_influence.finish: 1
raze_influence.start = 1
defense_influence.start = 1
explore_influence.start = 1
influences.finish = 1
explore_influence.diffuse().start = 1
explore_influence.diffuse().finish = 17
merging map.start = 17
merging map.finish = 17
self.avoidance_explore.finish = 17
self.normal_explore.finish = 17
endturn: my_ants count = 11, time_elapsed = 17
turn 20
self.diffuse_time = 0
self.combat_time_history = deque([0, 0, 0, 1, 0])
self.combat_time = 1
self.explore_time = -1
issue_combat_task.start = 2
issue_combat_task.finish = 2
food_influence.start = 2
set_influence.merge start: 4
np_temp_maps.shape = (4, 84, 84)
set_influence.finish: 4
raze_influence.start = 4
defense_influence.start = 4
explore_influence.start = 4
influences.finish = 4
explore_influence.diffuse().start = 5
explore_influence.diffuse().finish = 30
merging map.start = 30
merging map.finish = 30
self.avoidance_explore.finish = 30
self.normal_explore.finish = 31
endturn: my_ants count = 11, time_elapsed = 31
turn 21
self.diffuse_time = 0
self.combat_time_history = deque([0, 0, 1, 0, 0])
self.combat_time = 1
self.explore_time = 0
issue_combat_task.start = 2
issue_combat_task.finish = 2
food_influence.start = 2
set_influence.merge start: 3
np_temp_maps.shape = (5, 84, 84)
set_influence.finish: 4
raze_influence.start = 4
defense_influence.start = 4
explore_influence.start = 4
influences.finish = 4
explore_influence.diffuse().start = 4
explore_influence.diffuse().finish = 28
merging map.start = 28
merging map.finish = 28
self.avoidance_explore.finish = 28
self.normal_explore.finish = 29
endturn: my_ants count = 12, time_elapsed = 29
turn 22
self.diffuse_time = 0
self.combat_time_history = deque([0, 1, 0, 0, 0])
self.combat_time = 1
self.explore_time = 0
issue_combat_task.start = 0
issue_combat_task.finish = 0
food_influence.start = 0
set_influence.merge start: 1
np_temp_maps.shape = (6, 84, 84)
set_influence.finish: 1
raze_influence.start = 1
defense_influence.start = 1
explore_influence.start = 1
influences.finish = 1
explore_influence.diffuse().start = 1
explore_influence.diffuse().finish = 19
merging map.start = 19
merging map.finish = 19
self.avoidance_explore.finish = 19
self.normal_explore.finish = 20
endturn: my_ants count = 13, time_elapsed = 20
turn 23
self.diffuse_time = 0
self.combat_time_history = deque([1, 0, 0, 0, 0])
self.combat_time = 1
self.explore_time = 0
issue_combat_task.start = 0
issue_combat_task.finish = 0
food_influence.start = 0
set_influence.merge start: 1
np_temp_maps.shape = (6, 84, 84)
set_influence.finish: 1
raze_influence.start = 1
defense_influence.start = 1
explore_influence.start = 1
influences.finish = 1
explore_influence.diffuse().start = 1
explore_influence.diffuse().finish = 19
merging map.start = 19
merging map.finish = 20
self.avoidance_explore.finish = 20
self.normal_explore.finish = 20
endturn: my_ants count = 13, time_elapsed = 20
turn 24
self.diffuse_time = 0
self.combat_time_history = deque([0, 0, 0, 0, 0])
self.combat_time = 0
self.explore_time = -1
issue_combat_task.start = 0
issue_combat_task.finish = 0
food_influence.start = 0
set_influence.merge start: 1
np_temp_maps.shape = (8, 84, 84)
set_influence.finish: 1
raze_influence.start = 2
defense_influence.start = 2
explore_influence.start = 2
influences.finish = 2
explore_influence.diffuse().start = 2
explore_influence.diffuse().finish = 20
merging map.start = 20
merging map.finish = 20
self.avoidance_explore.finish = 21
self.normal_explore.finish = 21
endturn: my_ants count = 14, time_elapsed = 21
turn 25
self.diffuse_time = 0
self.combat_time_history = deque([0, 0, 0, 0, 0])
self.combat_time = 0
self.explore_time = -1
issue_combat_task.start = 0
issue_combat_task.finish = 1
food_influence.start = 1
set_influence.merge start: 1
np_temp_maps.shape = (8, 84, 84)
set_influence.finish: 1
raze_influence.start = 1
defense_influence.start = 2
explore_influence.start = 2
influences.finish = 2
explore_influence.diffuse().start = 2
explore_influence.diffuse().finish = 21
merging map.start = 21
merging map.finish = 21
self.avoidance_explore.finish = 21
self.normal_explore.finish = 22
endturn: my_ants count = 14, time_elapsed = 22
turn 26
self.diffuse_time = 0
self.combat_time_history = deque([0, 0, 0, 0, 1])
self.combat_time = 1
self.explore_time = 0
issue_combat_task.start = 0
issue_combat_task.finish = 0
food_influence.start = 1
set_influence.merge start: 1
np_temp_maps.shape = (9, 84, 84)
set_influence.finish: 1
raze_influence.start = 1
defense_influence.start = 2
explore_influence.start = 2
influences.finish = 2
explore_influence.diffuse().start = 2
explore_influence.diffuse().finish = 23
merging map.start = 23
merging map.finish = 23
self.avoidance_explore.finish = 23
self.normal_explore.finish = 24
endturn: my_ants count = 14, time_elapsed = 24
turn 27
self.diffuse_time = 0
self.combat_time_history = deque([0, 0, 0, 1, 1])
self.combat_time = 1
self.explore_time = 0
issue_combat_task.start = 1
issue_combat_task.finish = 1
food_influence.start = 1
set_influence.merge start: 1
np_temp_maps.shape = (10, 84, 84)
set_influence.finish: 2
raze_influence.start = 2
defense_influence.start = 2
explore_influence.start = 2
influences.finish = 2
explore_influence.diffuse().start = 2
explore_influence.diffuse().finish = 23
merging map.start = 23
merging map.finish = 23
self.avoidance_explore.finish = 23
self.normal_explore.finish = 24
endturn: my_ants count = 14, time_elapsed = 24
turn 28
self.diffuse_time = 0
self.combat_time_history = deque([0, 0, 1, 1, 0])
self.combat_time = 1
self.explore_time = 0
issue_combat_task.start = 0
issue_combat_task.finish = 0
food_influence.start = 0
set_influence.merge start: 1
np_temp_maps.shape = (10, 84, 84)
set_influence.finish: 2
raze_influence.start = 2
defense_influence.start = 2
explore_influence.start = 2
influences.finish = 2
explore_influence.diffuse().start = 2
explore_influence.diffuse().finish = 23
merging map.start = 23
merging map.finish = 23
self.avoidance_explore.finish = 23
self.normal_explore.finish = 24
endturn: my_ants count = 14, time_elapsed = 24
turn 29
self.diffuse_time = 0
self.combat_time_history = deque([0, 1, 1, 0, 0])
self.combat_time = 1
self.explore_time = 0
issue_combat_task.start = 0
issue_combat_task.finish = 0
food_influence.start = 0
set_influence.merge start: 1
np_temp_maps.shape = (9, 84, 84)
set_influence.finish: 2
raze_influence.start = 2
defense_influence.start = 2
explore_influence.start = 2
influences.finish = 2
explore_influence.diffuse().start = 2
explore_influence.diffuse().finish = 24
merging map.start = 24
merging map.finish = 24
self.avoidance_explore.finish = 24
self.normal_explore.finish = 25
endturn: my_ants count = 16, time_elapsed = 25
turn 30
self.diffuse_time = 0
self.combat_time_history = deque([1, 1, 0, 0, 0])
self.combat_time = 1
self.explore_time = 0
issue_combat_task.start = 0
issue_combat_task.finish = 0
food_influence.start = 0
set_influence.merge start: 1
np_temp_maps.shape = (9, 84, 84)
set_influence.finish: 1
raze_influence.start = 1
defense_influence.start = 1
explore_influence.start = 1
influences.finish = 1
explore_influence.diffuse().start = 1
explore_influence.diffuse().finish = 24
merging map.start = 24
merging map.finish = 25
self.avoidance_explore.finish = 25
self.normal_explore.finish = 25
endturn: my_ants count = 17, time_elapsed = 26
turn 31
self.diffuse_time = 0
self.combat_time_history = deque([1, 0, 0, 0, 0])
self.combat_time = 1
self.explore_time = -1
issue_combat_task.start = 0
issue_combat_task.finish = 1
food_influence.start = 1
set_influence.merge start: 1
np_temp_maps.shape = (8, 84, 84)
set_influence.finish: 1
raze_influence.start = 1
defense_influence.start = 1
explore_influence.start = 1
influences.finish = 2
explore_influence.diffuse().start = 2
explore_influence.diffuse().finish = 26
merging map.start = 26
merging map.finish = 26
self.avoidance_explore.finish = 26
self.normal_explore.finish = 27
endturn: my_ants count = 17, time_elapsed = 27
turn 32
self.diffuse_time = 0
self.combat_time_history = deque([0, 0, 0, 0, 1])
self.combat_time = 1
self.explore_time = 0
issue_combat_task.start = 0
issue_combat_task.finish = 1
food_influence.start = 1
set_influence.merge start: 1
np_temp_maps.shape = (8, 84, 84)
set_influence.finish: 2
raze_influence.start = 2
defense_influence.start = 2
explore_influence.start = 2
influences.finish = 2
explore_influence.diffuse().start = 2
explore_influence.diffuse().finish = 26
merging map.start = 26
merging map.finish = 26
self.avoidance_explore.finish = 26
self.normal_explore.finish = 27
endturn: my_ants count = 18, time_elapsed = 27
turn 33
self.diffuse_time = 0
self.combat_time_history = deque([0, 0, 0, 1, 1])
self.combat_time = 1
self.explore_time = 0
issue_combat_task.start = 0
issue_combat_task.finish = 1
food_influence.start = 1
set_influence.merge start: 2
np_temp_maps.shape = (10, 84, 84)
set_influence.finish: 2
raze_influence.start = 2
defense_influence.start = 2
explore_influence.start = 2
influences.finish = 2
explore_influence.diffuse().start = 2
explore_influence.diffuse().finish = 27
merging map.start = 27
merging map.finish = 27
self.avoidance_explore.finish = 27
self.normal_explore.finish = 28
endturn: my_ants count = 19, time_elapsed = 28
turn 34
self.diffuse_time = 0
self.combat_time_history = deque([0, 0, 1, 1, 1])
self.combat_time = 1
self.explore_time = 0
issue_combat_task.start = 0
issue_combat_task.finish = 1
food_influence.start = 1
set_influence.merge start: 1
np_temp_maps.shape = (10, 84, 84)
set_influence.finish: 2
raze_influence.start = 2
defense_influence.start = 2
explore_influence.start = 2
influences.finish = 2
explore_influence.diffuse().start = 2
explore_influence.diffuse().finish = 28
merging map.start = 28
merging map.finish = 28
self.avoidance_explore.finish = 28
self.normal_explore.finish = 29
endturn: my_ants count = 19, time_elapsed = 29
turn 35
self.diffuse_time = 0
self.combat_time_history = deque([0, 1, 1, 1, 1])
self.combat_time = 1
self.explore_time = 0
issue_combat_task.start = 0
issue_combat_task.finish = 1
food_influence.start = 1
set_influence.merge start: 2
np_temp_maps.shape = (10, 84, 84)
set_influence.finish: 2
raze_influence.start = 2
defense_influence.start = 2
explore_influence.start = 2
influences.finish = 2
explore_influence.diffuse().start = 2
explore_influence.diffuse().finish = 29
merging map.start = 29
merging map.finish = 29
self.avoidance_explore.finish = 29
self.normal_explore.finish = 30
endturn: my_ants count = 20, time_elapsed = 30
turn 36
self.diffuse_time = 0
self.combat_time_history = deque([1, 1, 1, 1, 1])
self.combat_time = 1
self.explore_time = 0
issue_combat_task.start = 0
issue_combat_task.finish = 1
food_influence.start = 1
set_influence.merge start: 2
np_temp_maps.shape = (10, 84, 84)
set_influence.finish: 2
raze_influence.start = 2
defense_influence.start = 2
explore_influence.start = 2
influences.finish = 2
explore_influence.diffuse().start = 2
explore_influence.diffuse().finish = 29
merging map.start = 29
merging map.finish = 29
self.avoidance_explore.finish = 29
self.normal_explore.finish = 30
endturn: my_ants count = 22, time_elapsed = 30
turn 37
self.diffuse_time = 0
self.combat_time_history = deque([1, 1, 1, 1, 1])
self.combat_time = 1
self.explore_time = 0
issue_combat_task.start = 0
issue_combat_task.finish = 1
food_influence.start = 1
set_influence.merge start: 2
np_temp_maps.shape = (9, 84, 84)
set_influence.finish: 2
raze_influence.start = 2
defense_influence.start = 2
explore_influence.start = 2
influences.finish = 2
explore_influence.diffuse().start = 2
explore_influence.diffuse().finish = 29
merging map.start = 29
merging map.finish = 29
self.avoidance_explore.finish = 29
self.normal_explore.finish = 31
endturn: my_ants count = 22, time_elapsed = 31
turn 38
self.diffuse_time = 0
self.combat_time_history = deque([1, 1, 1, 1, 1])
self.combat_time = 1
self.explore_time = 1
issue_combat_task.start = 0
issue_combat_task.finish = 1
food_influence.start = 1
set_influence.merge start: 2
np_temp_maps.shape = (10, 84, 84)
set_influence.finish: 2
raze_influence.start = 2
defense_influence.start = 2
explore_influence.start = 2
influences.finish = 2
explore_influence.diffuse().start = 2
explore_influence.diffuse().finish = 30
merging map.start = 30
merging map.finish = 30
self.avoidance_explore.finish = 30
self.normal_explore.finish = 32
endturn: my_ants count = 23, time_elapsed = 32
turn 39
self.diffuse_time = 0
self.combat_time_history = deque([1, 1, 1, 1, 1])
self.combat_time = 1
self.explore_time = 1
issue_combat_task.start = 1
issue_combat_task.finish = 3
food_influence.start = 3
set_influence.merge start: 5
np_temp_maps.shape = (10, 84, 84)
set_influence.finish: 5
raze_influence.start = 6
defense_influence.start = 6
explore_influence.start = 6
influences.finish = 6
explore_influence.diffuse().start = 6
explore_influence.diffuse().finish = 41
merging map.start = 41
merging map.finish = 41
self.avoidance_explore.finish = 41
self.normal_explore.finish = 42
endturn: my_ants count = 23, time_elapsed = 42
turn 40
self.diffuse_time = 1
self.combat_time_history = deque([1, 1, 1, 1, 2])
self.combat_time = 2
self.explore_time = 0
issue_combat_task.start = 0
issue_combat_task.finish = 1
food_influence.start = 1
set_influence.merge start: 2
np_temp_maps.shape = (9, 84, 84)
set_influence.finish: 2
raze_influence.start = 2
defense_influence.start = 2
explore_influence.start = 2
influences.finish = 2
explore_influence.diffuse().start = 2
explore_influence.diffuse().finish = 31
merging map.start = 31
merging map.finish = 31
self.avoidance_explore.finish = 31
self.normal_explore.finish = 33
endturn: my_ants count = 24, time_elapsed = 33
turn 41
self.diffuse_time = 0
self.combat_time_history = deque([1, 1, 1, 2, 1])
self.combat_time = 2
self.explore_time = 1
issue_combat_task.start = 2
issue_combat_task.finish = 3
food_influence.start = 3
set_influence.merge start: 5
np_temp_maps.shape = (9, 84, 84)
set_influence.finish: 5
raze_influence.start = 6
defense_influence.start = 6
explore_influence.start = 6
influences.finish = 6
explore_influence.diffuse().start = 6
explore_influence.diffuse().finish = 43
merging map.start = 43
merging map.finish = 43
self.avoidance_explore.finish = 43
self.normal_explore.finish = 45
endturn: my_ants count = 25, time_elapsed = 45
turn 42
self.diffuse_time = 1
self.combat_time_history = deque([1, 1, 2, 1, 1])
self.combat_time = 2
self.explore_time = 1
issue_combat_task.start = 0
issue_combat_task.finish = 1
food_influence.start = 1
set_influence.merge start: 1
np_temp_maps.shape = (11, 84, 84)
set_influence.finish: 2
raze_influence.start = 2
defense_influence.start = 2
explore_influence.start = 2
influences.finish = 2
explore_influence.diffuse().start = 2
explore_influence.diffuse().finish = 32
merging map.start = 32
merging map.finish = 32
self.avoidance_explore.finish = 32
self.normal_explore.finish = 33
endturn: my_ants count = 26, time_elapsed = 33
turn 43
self.diffuse_time = 0
self.combat_time_history = deque([1, 2, 1, 1, 1])
self.combat_time = 2
self.explore_time = 0
issue_combat_task.start = 0
issue_combat_task.finish = 1
food_influence.start = 1
set_influence.merge start: 2
np_temp_maps.shape = (9, 84, 84)
set_influence.finish: 2
raze_influence.start = 2
defense_influence.start = 2
explore_influence.start = 2
influences.finish = 2
explore_influence.diffuse().start = 2
explore_influence.diffuse().finish = 33
merging map.start = 33
merging map.finish = 33
self.avoidance_explore.finish = 33
self.normal_explore.finish = 34
endturn: my_ants count = 26, time_elapsed = 34
turn 44
self.diffuse_time = 0
self.combat_time_history = deque([2, 1, 1, 1, 1])
self.combat_time = 2
self.explore_time = 0
issue_combat_task.start = 2
issue_combat_task.finish = 2
food_influence.start = 2
set_influence.merge start: 4
np_temp_maps.shape = (10, 84, 84)
set_influence.finish: 5
raze_influence.start = 5
defense_influence.start = 5
explore_influence.start = 5
influences.finish = 5
explore_influence.diffuse().start = 5
explore_influence.diffuse().finish = 47
merging map.start = 47
merging map.finish = 47
self.avoidance_explore.finish = 47
self.normal_explore.finish = 49
endturn: my_ants count = 28, time_elapsed = 49
turn 45
self.diffuse_time = 2
self.combat_time_history = deque([1, 1, 1, 1, 0])
self.combat_time = 1
self.explore_time = 1
issue_combat_task.start = 0
issue_combat_task.finish = 0
food_influence.start = 0
set_influence.merge start: 1
np_temp_maps.shape = (9, 84, 84)
set_influence.finish: 1
raze_influence.start = 1
defense_influence.start = 1
explore_influence.start = 1
influences.finish = 2
explore_influence.diffuse().start = 2
explore_influence.diffuse().finish = 33
merging map.start = 33
merging map.finish = 33
self.avoidance_explore.finish = 33
self.normal_explore.finish = 34
endturn: my_ants count = 28, time_elapsed = 34
turn 46
self.diffuse_time = 1
self.combat_time_history = deque([1, 1, 1, 0, 0])
self.combat_time = 1
self.explore_time = 0
issue_combat_task.start = 0
issue_combat_task.finish = 0
food_influence.start = 0
set_influence.merge start: 1
np_temp_maps.shape = (8, 84, 84)
set_influence.finish: 1
raze_influence.start = 1
defense_influence.start = 1
explore_influence.start = 1
influences.finish = 1
explore_influence.diffuse().start = 1
explore_influence.diffuse().finish = 33
merging map.start = 33
merging map.finish = 33
self.avoidance_explore.finish = 33
self.normal_explore.finish = 35
endturn: my_ants count = 30, time_elapsed = 35
turn 47
self.diffuse_time = 1
self.combat_time_history = deque([1, 1, 0, 0, 0])
self.combat_time = 1
self.explore_time = 1
issue_combat_task.start = 1
issue_combat_task.finish = 2
food_influence.start = 2
set_influence.merge start: 3
np_temp_maps.shape = (8, 84, 84)
set_influence.finish: 3
raze_influence.start = 3
defense_influence.start = 3
explore_influence.start = 3
influences.finish = 4
explore_influence.diffuse().start = 4
explore_influence.diffuse().finish = 44
merging map.start = 44
merging map.finish = 44
self.avoidance_explore.finish = 44
self.normal_explore.finish = 45
endturn: my_ants count = 31, time_elapsed = 46
turn 48
self.diffuse_time = 1
self.combat_time_history = deque([1, 0, 0, 0, 1])
self.combat_time = 1
self.explore_time = 0
issue_combat_task.start = 0
issue_combat_task.finish = 0
food_influence.start = 1
set_influence.merge start: 1
np_temp_maps.shape = (7, 84, 84)
set_influence.finish: 1
raze_influence.start = 1
defense_influence.start = 1
explore_influence.start = 1
influences.finish = 1
explore_influence.diffuse().start = 1
explore_influence.diffuse().finish = 34
merging map.start = 34
merging map.finish = 34
self.avoidance_explore.finish = 34
self.normal_explore.finish = 35
endturn: my_ants count = 32, time_elapsed = 35
turn 49
self.diffuse_time = 1
self.combat_time_history = deque([0, 0, 0, 1, 1])
self.combat_time = 1
self.explore_time = 0
issue_combat_task.start = 0
issue_combat_task.finish = 0
food_influence.start = 0
set_influence.merge start: 1
np_temp_maps.shape = (8, 84, 84)
set_influence.finish: 1
raze_influence.start = 1
defense_influence.start = 1
explore_influence.start = 2
influences.finish = 2
explore_influence.diffuse().start = 2
explore_influence.diffuse().finish = 34
merging map.start = 34
merging map.finish = 35
self.avoidance_explore.finish = 35
self.normal_explore.finish = 36
endturn: my_ants count = 33, time_elapsed = 36
turn 50
self.diffuse_time = 1
self.combat_time_history = deque([0, 0, 1, 1, 0])
self.combat_time = 1
self.explore_time = 0
issue_combat_task.start = 0
issue_combat_task.finish = 0
food_influence.start = 1
set_influence.merge start: 1
np_temp_maps.shape = (9, 84, 84)
set_influence.finish: 1
raze_influence.start = 2
defense_influence.start = 2
explore_influence.start = 2
influences.finish = 2
explore_influence.diffuse().start = 2
explore_influence.diffuse().finish = 34
merging map.start = 35
merging map.finish = 35
self.avoidance_explore.finish = 35
self.normal_explore.finish = 36
endturn: my_ants count = 34, time_elapsed = 36
turn 51
self.diffuse_time = 1
self.combat_time_history = deque([0, 1, 1, 0, 1])
self.combat_time = 1
self.explore_time = 0
issue_combat_task.start = 2
issue_combat_task.finish = 3
food_influence.start = 3
set_influence.merge start: 4
np_temp_maps.shape = (7, 84, 84)
set_influence.finish: 5
raze_influence.start = 5
defense_influence.start = 5
explore_influence.start = 5
influences.finish = 5
explore_influence.diffuse().start = 5
explore_influence.diffuse().finish = 46
merging map.start = 46
merging map.finish = 46
self.avoidance_explore.finish = 46
self.normal_explore.finish = 48
endturn: my_ants count = 34, time_elapsed = 48
turn 52
self.diffuse_time = 1
self.combat_time_history = deque([1, 1, 0, 1, 1])
self.combat_time = 1
self.explore_time = 1
issue_combat_task.start = 0
issue_combat_task.finish = 1
food_influence.start = 1
set_influence.merge start: 1
np_temp_maps.shape = (6, 84, 84)
set_influence.finish: 2
raze_influence.start = 2
defense_influence.start = 2
explore_influence.start = 2
influences.finish = 2
explore_influence.diffuse().start = 2
explore_influence.diffuse().finish = 35
merging map.start = 35
merging map.finish = 35
self.avoidance_explore.finish = 35
self.normal_explore.finish = 37
endturn: my_ants count = 37, time_elapsed = 37
turn 53
self.diffuse_time = 1
self.combat_time_history = deque([1, 0, 1, 1, 1])
self.combat_time = 1
self.explore_time = 1
issue_combat_task.start = 0
issue_combat_task.finish = 1
food_influence.start = 1
set_influence.merge start: 1
np_temp_maps.shape = (6, 84, 84)
set_influence.finish: 1
raze_influence.start = 2
defense_influence.start = 2
explore_influence.start = 2
influences.finish = 2
explore_influence.diffuse().start = 2
explore_influence.diffuse().finish = 35
merging map.start = 35
merging map.finish = 35
self.avoidance_explore.finish = 35
self.normal_explore.finish = 37
endturn: my_ants count = 38, time_elapsed = 37
turn 54
self.diffuse_time = 1
self.combat_time_history = deque([0, 1, 1, 1, 1])
self.combat_time = 1
self.explore_time = 1
issue_combat_task.start = 0
issue_combat_task.finish = 1
food_influence.start = 1
set_influence.merge start: 1
np_temp_maps.shape = (6, 84, 84)
set_influence.finish: 1
raze_influence.start = 1
defense_influence.start = 1
explore_influence.start = 1
influences.finish = 2
explore_influence.diffuse().start = 2
explore_influence.diffuse().finish = 35
merging map.start = 35
merging map.finish = 35
self.avoidance_explore.finish = 35
self.normal_explore.finish = 37
endturn: my_ants count = 38, time_elapsed = 37
turn 55
self.diffuse_time = 1
self.combat_time_history = deque([1, 1, 1, 1, 1])
self.combat_time = 1
self.explore_time = 1
issue_combat_task.start = 0
issue_combat_task.finish = 1
food_influence.start = 1
set_influence.merge start: 1
np_temp_maps.shape = (4, 84, 84)
set_influence.finish: 1
raze_influence.start = 1
defense_influence.start = 1
explore_influence.start = 1
influences.finish = 1
explore_influence.diffuse().start = 1
explore_influence.diffuse().finish = 35
merging map.start = 35
merging map.finish = 35
self.avoidance_explore.finish = 35
self.normal_explore.finish = 37
endturn: my_ants count = 38, time_elapsed = 37
turn 56
self.diffuse_time = 1
self.combat_time_history = deque([1, 1, 1, 1, 1])
self.combat_time = 1
self.explore_time = 1
issue_combat_task.start = 0
issue_combat_task.finish = 1
food_influence.start = 1
set_influence.merge start: 1
np_temp_maps.shape = (4, 84, 84)
set_influence.finish: 1
raze_influence.start = 1
defense_influence.start = 2
explore_influence.start = 2
influences.finish = 2
explore_influence.diffuse().start = 2
explore_influence.diffuse().finish = 35
merging map.start = 35
merging map.finish = 35
self.avoidance_explore.finish = 35
self.normal_explore.finish = 37
endturn: my_ants count = 41, time_elapsed = 37
turn 57
self.diffuse_time = 1
self.combat_time_history = deque([1, 1, 1, 1, 1])
self.combat_time = 1
self.explore_time = 1
issue_combat_task.start = 0
issue_combat_task.finish = 1
food_influence.start = 1
set_influence.merge start: 1
np_temp_maps.shape = (5, 84, 84)
set_influence.finish: 1
raze_influence.start = 1
defense_influence.start = 1
explore_influence.start = 1
influences.finish = 2
explore_influence.diffuse().start = 2
explore_influence.diffuse().finish = 35
merging map.start = 35
merging map.finish = 35
self.avoidance_explore.finish = 35
self.normal_explore.finish = 37
endturn: my_ants count = 42, time_elapsed = 37
turn 58
self.diffuse_time = 1
self.combat_time_history = deque([1, 1, 1, 1, 1])
self.combat_time = 1
self.explore_time = 1
issue_combat_task.start = 0
issue_combat_task.finish = 1
food_influence.start = 1
set_influence.merge start: 1
np_temp_maps.shape = (3, 84, 84)
set_influence.finish: 1
raze_influence.start = 1
defense_influence.start = 1
explore_influence.start = 1
influences.finish = 1
explore_influence.diffuse().start = 1
explore_influence.diffuse().finish = 36
merging map.start = 36
merging map.finish = 36
self.avoidance_explore.finish = 36
self.normal_explore.finish = 38
endturn: my_ants count = 42, time_elapsed = 38
turn 59
self.diffuse_time = 1
self.combat_time_history = deque([1, 1, 1, 1, 1])
self.combat_time = 1
self.explore_time = 1
issue_combat_task.start = 0
issue_combat_task.finish = 1
food_influence.start = 1
set_influence.merge start: 1
np_temp_maps.shape = (4, 84, 84)
set_influence.finish: 1
raze_influence.start = 1
defense_influence.start = 1
explore_influence.start = 2
influences.finish = 2
explore_influence.diffuse().start = 2
explore_influence.diffuse().finish = 35
merging map.start = 36
merging map.finish = 36
self.avoidance_explore.finish = 36
self.normal_explore.finish = 38
endturn: my_ants count = 44, time_elapsed = 38
turn 60
self.diffuse_time = 1
self.combat_time_history = deque([1, 1, 1, 1, 1])
self.combat_time = 1
self.explore_time = 1
issue_combat_task.start = 0
issue_combat_task.finish = 1
food_influence.start = 1
set_influence.merge start: 1
np_temp_maps.shape = (3, 84, 84)
set_influence.finish: 1
raze_influence.start = 1
defense_influence.start = 1
explore_influence.start = 1
influences.finish = 2
explore_influence.diffuse().start = 2
explore_influence.diffuse().finish = 36
merging map.start = 36
merging map.finish = 36
self.avoidance_explore.finish = 37
self.normal_explore.finish = 39
endturn: my_ants count = 44, time_elapsed = 39
turn 61
self.diffuse_time = 1
self.combat_time_history = deque([1, 1, 1, 1, 1])
self.combat_time = 1
self.explore_time = 1
issue_combat_task.start = 0
issue_combat_task.finish = 1
food_influence.start = 1
set_influence.merge start: 2
np_temp_maps.shape = (4, 84, 84)
set_influence.finish: 2
raze_influence.start = 2
defense_influence.start = 2
explore_influence.start = 2
influences.finish = 2
explore_influence.diffuse().start = 2
explore_influence.diffuse().finish = 36
merging map.start = 36
merging map.finish = 36
self.avoidance_explore.finish = 37
self.normal_explore.finish = 39
endturn: my_ants count = 45, time_elapsed = 39
turn 62
self.diffuse_time = 1
self.combat_time_history = deque([1, 1, 1, 1, 1])
self.combat_time = 1
self.explore_time = 2
issue_combat_task.start = 0
issue_combat_task.finish = 1
food_influence.start = 1
set_influence.merge start: 1
np_temp_maps.shape = (5, 84, 84)
set_influence.finish: 2
raze_influence.start = 2
set_influence.merge start: 6
np_temp_maps.shape = (1, 84, 84)
set_influence.finish: 7
defense_influence.start = 7
explore_influence.start = 7
influences.finish = 7
explore_influence.diffuse().start = 7
explore_influence.diffuse().finish = 42
merging map.start = 42
merging map.finish = 42
self.avoidance_explore.finish = 42
self.normal_explore.finish = 44
endturn: my_ants count = 44, time_elapsed = 44
turn 63
self.diffuse_time = 1
self.combat_time_history = deque([1, 1, 1, 1, 1])
self.combat_time = 1
self.explore_time = 1
issue_combat_task.start = 1
issue_combat_task.finish = 1
food_influence.start = 1
set_influence.merge start: 2
np_temp_maps.shape = (6, 84, 84)
set_influence.finish: 2
raze_influence.start = 2
set_influence.merge start: 6
np_temp_maps.shape = (1, 84, 84)
set_influence.finish: 7
defense_influence.start = 7
explore_influence.start = 7
influences.finish = 7
explore_influence.diffuse().start = 7
explore_influence.diffuse().finish = 42
merging map.start = 42
merging map.finish = 42
self.avoidance_explore.finish = 42
self.normal_explore.finish = 44
endturn: my_ants count = 44, time_elapsed = 44
turn 64
self.diffuse_time = 1
self.combat_time_history = deque([1, 1, 1, 1, 0])
self.combat_time = 1
self.explore_time = 1
issue_combat_task.start = 0
issue_combat_task.finish = 1
food_influence.start = 1
set_influence.merge start: 2
np_temp_maps.shape = (7, 84, 84)
set_influence.finish: 2
raze_influence.start = 2
set_influence.merge start: 6
np_temp_maps.shape = (1, 84, 84)
set_influence.finish: 7
defense_influence.start = 7
explore_influence.start = 7
influences.finish = 7
explore_influence.diffuse().start = 7
explore_influence.diffuse().finish = 42
merging map.start = 42
merging map.finish = 42
self.avoidance_explore.finish = 43
self.normal_explore.finish = 45
endturn: my_ants count = 43, time_elapsed = 45
turn 65
self.diffuse_time = 1
self.combat_time_history = deque([1, 1, 1, 0, 1])
self.combat_time = 1
self.explore_time = 2
issue_combat_task.start = 0
issue_combat_task.finish = 1
food_influence.start = 1
set_influence.merge start: 2
np_temp_maps.shape = (7, 84, 84)
set_influence.finish: 2
raze_influence.start = 2
set_influence.merge start: 6
np_temp_maps.shape = (1, 84, 84)
set_influence.finish: 7
defense_influence.start = 7
explore_influence.start = 7
influences.finish = 7
explore_influence.diffuse().start = 7
explore_influence.diffuse().finish = 43
merging map.start = 43
merging map.finish = 43
self.avoidance_explore.finish = 43
self.normal_explore.finish = 45
endturn: my_ants count = 43, time_elapsed = 45
turn 66
self.diffuse_time = 1
self.combat_time_history = deque([1, 1, 0, 1, 1])
self.combat_time = 1
self.explore_time = 1
issue_combat_task.start = 0
issue_combat_task.finish = 1
food_influence.start = 1
set_influence.merge start: 2
np_temp_maps.shape = (7, 84, 84)
set_influence.finish: 2
raze_influence.start = 2
set_influence.merge start: 6
np_temp_maps.shape = (1, 84, 84)
set_influence.finish: 7
defense_influence.start = 7
explore_influence.start = 7
influences.finish = 7
explore_influence.diffuse().start = 7
explore_influence.diffuse().finish = 43
merging map.start = 43
merging map.finish = 43
self.avoidance_explore.finish = 43
self.normal_explore.finish = 45
endturn: my_ants count = 43, time_elapsed = 45
turn 67
self.diffuse_time = 1
self.combat_time_history = deque([1, 0, 1, 1, 1])
self.combat_time = 1
self.explore_time = 1
issue_combat_task.start = 1
issue_combat_task.finish = 1
food_influence.start = 1
set_influence.merge start: 2
np_temp_maps.shape = (7, 84, 84)
set_influence.finish: 2
raze_influence.start = 2
set_influence.merge start: 7
np_temp_maps.shape = (1, 84, 84)
set_influence.finish: 7
defense_influence.start = 7
explore_influence.start = 7
influences.finish = 7
explore_influence.diffuse().start = 8
explore_influence.diffuse().finish = 43
merging map.start = 43
merging map.finish = 44
self.avoidance_explore.finish = 44
self.normal_explore.finish = 46
endturn: my_ants count = 42, time_elapsed = 46
turn 68
self.diffuse_time = 1
self.combat_time_history = deque([0, 1, 1, 1, 0])
self.combat_time = 1
self.explore_time = 1
issue_combat_task.start = 1
issue_combat_task.finish = 1
food_influence.start = 1
set_influence.merge start: 2
np_temp_maps.shape = (7, 84, 84)
set_influence.finish: 2
raze_influence.start = 2
set_influence.merge start: 6
np_temp_maps.shape = (1, 84, 84)
set_influence.finish: 7
defense_influence.start = 7
explore_influence.start = 7
influences.finish = 7
explore_influence.diffuse().start = 7
explore_influence.diffuse().finish = 44
merging map.start = 44
merging map.finish = 44
self.avoidance_explore.finish = 44
self.normal_explore.finish = 46
endturn: my_ants count = 42, time_elapsed = 46
turn 69
self.diffuse_time = 1
self.combat_time_history = deque([1, 1, 1, 0, 0])
self.combat_time = 1
self.explore_time = 1
issue_combat_task.start = 1
issue_combat_task.finish = 1
food_influence.start = 1
set_influence.merge start: 2
np_temp_maps.shape = (9, 84, 84)
set_influence.finish: 2
raze_influence.start = 2
set_influence.merge start: 7
np_temp_maps.shape = (1, 84, 84)
set_influence.finish: 7
defense_influence.start = 7
explore_influence.start = 7
influences.finish = 8
explore_influence.diffuse().start = 8
explore_influence.diffuse().finish = 44
merging map.start = 44
merging map.finish = 44
self.avoidance_explore.finish = 45
self.normal_explore.finish = 47
endturn: my_ants count = 42, time_elapsed = 47
turn 70
self.diffuse_time = 1
self.combat_time_history = deque([1, 1, 0, 0, 0])
self.combat_time = 1
self.explore_time = 2
issue_combat_task.start = 1
issue_combat_task.finish = 1
food_influence.start = 1
set_influence.merge start: 2
np_temp_maps.shape = (8, 84, 84)
set_influence.finish: 2
raze_influence.start = 2
set_influence.merge start: 6
np_temp_maps.shape = (1, 84, 84)
set_influence.finish: 7
defense_influence.start = 7
explore_influence.start = 7
influences.finish = 7
explore_influence.diffuse().start = 7
explore_influence.diffuse().finish = 45
merging map.start = 45
merging map.finish = 45
self.avoidance_explore.finish = 45
self.normal_explore.finish = 47
endturn: my_ants count = 42, time_elapsed = 47
turn 71
self.diffuse_time = 1
self.combat_time_history = deque([1, 0, 0, 0, 0])
self.combat_time = 1
self.explore_time = 1
issue_combat_task.start = 1
issue_combat_task.finish = 1
food_influence.start = 1
set_influence.merge start: 1
np_temp_maps.shape = (7, 84, 84)
set_influence.finish: 2
raze_influence.start = 2
set_influence.merge start: 6
np_temp_maps.shape = (1, 84, 84)
set_influence.finish: 7
defense_influence.start = 7
explore_influence.start = 7
influences.finish = 7
explore_influence.diffuse().start = 7
explore_influence.diffuse().finish = 45
merging map.start = 45
merging map.finish = 45
self.avoidance_explore.finish = 45
self.normal_explore.finish = 47
endturn: my_ants count = 42, time_elapsed = 47
turn 72
self.diffuse_time = 1
self.combat_time_history = deque([0, 0, 0, 0, 0])
self.combat_time = 0
self.explore_time = 1
issue_combat_task.start = 1
issue_combat_task.finish = 1
food_influence.start = 1
set_influence.merge start: 2
np_temp_maps.shape = (6, 84, 84)
set_influence.finish: 2
raze_influence.start = 2
set_influence.merge start: 6
np_temp_maps.shape = (1, 84, 84)
set_influence.finish: 7
defense_influence.start = 7
explore_influence.start = 7
influences.finish = 7
explore_influence.diffuse().start = 7
explore_influence.diffuse().finish = 45
merging map.start = 45
merging map.finish = 45
self.avoidance_explore.finish = 45
self.normal_explore.finish = 47
endturn: my_ants count = 43, time_elapsed = 47
turn 73
self.diffuse_time = 1
self.combat_time_history = deque([0, 0, 0, 0, 0])
self.combat_time = 0
self.explore_time = 1
issue_combat_task.start = 1
issue_combat_task.finish = 1
food_influence.start = 1
set_influence.merge start: 2
np_temp_maps.shape = (6, 84, 84)
set_influence.finish: 2
raze_influence.start = 2
set_influence.merge start: 6
np_temp_maps.shape = (1, 84, 84)
set_influence.finish: 7
defense_influence.start = 7
explore_influence.start = 7
influences.finish = 7
explore_influence.diffuse().start = 7
explore_influence.diffuse().finish = 46
merging map.start = 46
merging map.finish = 46
self.avoidance_explore.finish = 46
self.normal_explore.finish = 48
endturn: my_ants count = 45, time_elapsed = 48
turn 74
self.diffuse_time = 1
self.combat_time_history = deque([0, 0, 0, 0, 0])
self.combat_time = 0
self.explore_time = 1
issue_combat_task.start = 1
issue_combat_task.finish = 1
food_influence.start = 1
set_influence.merge start: 2
np_temp_maps.shape = (7, 84, 84)
set_influence.finish: 2
raze_influence.start = 2
set_influence.merge start: 6
np_temp_maps.shape = (1, 84, 84)
set_influence.finish: 7
defense_influence.start = 7
explore_influence.start = 7
influences.finish = 7
explore_influence.diffuse().start = 7
explore_influence.diffuse().finish = 47
merging map.start = 47
merging map.finish = 47
self.avoidance_explore.finish = 47
self.normal_explore.finish = 49
endturn: my_ants count = 46, time_elapsed = 49
turn 75
self.diffuse_time = 1
self.combat_time_history = deque([0, 0, 0, 0, 0])
self.combat_time = 0
self.explore_time = 1
issue_combat_task.start = 1
issue_combat_task.finish = 1
food_influence.start = 1
set_influence.merge start: 2
np_temp_maps.shape = (8, 84, 84)
set_influence.finish: 2
raze_influence.start = 2
set_influence.merge start: 6
np_temp_maps.shape = (1, 84, 84)
set_influence.finish: 7
defense_influence.start = 7
explore_influence.start = 7
influences.finish = 7
explore_influence.diffuse().start = 7
explore_influence.diffuse().finish = 46
merging map.start = 46
merging map.finish = 46
self.avoidance_explore.finish = 46
self.normal_explore.finish = 48
endturn: my_ants count = 46, time_elapsed = 49
turn 76
self.diffuse_time = 1
self.combat_time_history = deque([0, 0, 0, 0, 0])
self.combat_time = 0
self.explore_time = 1
issue_combat_task.start = 1
issue_combat_task.finish = 1
food_influence.start = 1
set_influence.merge start: 2
np_temp_maps.shape = (6, 84, 84)
set_influence.finish: 2
raze_influence.start = 2
set_influence.merge start: 6
np_temp_maps.shape = (1, 84, 84)
set_influence.finish: 7
defense_influence.start = 7
explore_influence.start = 7
influences.finish = 7
explore_influence.diffuse().start = 7
explore_influence.diffuse().finish = 46
merging map.start = 46
merging map.finish = 46
self.avoidance_explore.finish = 46
self.normal_explore.finish = 48
endturn: my_ants count = 46, time_elapsed = 48
turn 77
self.diffuse_time = 1
self.combat_time_history = deque([0, 0, 0, 0, 0])
self.combat_time = 0
self.explore_time = 1
issue_combat_task.start = 1
issue_combat_task.finish = 1
food_influence.start = 1
set_influence.merge start: 1
np_temp_maps.shape = (5, 84, 84)
set_influence.finish: 2
raze_influence.start = 2
set_influence.merge start: 6
np_temp_maps.shape = (1, 84, 84)
set_influence.finish: 7
defense_influence.start = 7
explore_influence.start = 7
influences.finish = 7
explore_influence.diffuse().start = 7
explore_influence.diffuse().finish = 46
merging map.start = 46
merging map.finish = 46
self.avoidance_explore.finish = 46
self.normal_explore.finish = 49
endturn: my_ants count = 48, time_elapsed = 49
turn 78
self.diffuse_time = 1
self.combat_time_history = deque([0, 0, 0, 0, 0])
self.combat_time = 0
self.explore_time = 2
issue_combat_task.start = 1
issue_combat_task.finish = 1
food_influence.start = 1
set_influence.merge start: 2
np_temp_maps.shape = (7, 84, 84)
set_influence.finish: 2
raze_influence.start = 2
set_influence.merge start: 6
np_temp_maps.shape = (1, 84, 84)
set_influence.finish: 7
defense_influence.start = 7
explore_influence.start = 7
influences.finish = 7
explore_influence.diffuse().start = 7
explore_influence.diffuse().finish = 46
merging map.start = 46
merging map.finish = 46
self.avoidance_explore.finish = 47
self.normal_explore.finish = 49
endturn: my_ants count = 49, time_elapsed = 49
turn 79
self.diffuse_time = 1
self.combat_time_history = deque([0, 0, 0, 0, 0])
self.combat_time = 0
self.explore_time = 2
issue_combat_task.start = 1
issue_combat_task.finish = 1
food_influence.start = 1
set_influence.merge start: 2
np_temp_maps.shape = (7, 84, 84)
set_influence.finish: 2
raze_influence.start = 2
set_influence.merge start: 6
np_temp_maps.shape = (1, 84, 84)
set_influence.finish: 7
defense_influence.start = 7
explore_influence.start = 7
influences.finish = 7
explore_influence.diffuse().start = 7
explore_influence.diffuse().finish = 46
merging map.start = 46
merging map.finish = 46
self.avoidance_explore.finish = 47
self.normal_explore.finish = 49
endturn: my_ants count = 49, time_elapsed = 49
turn 80
self.diffuse_time = 1
self.combat_time_history = deque([0, 0, 0, 0, 0])
self.combat_time = 0
self.explore_time = 2
issue_combat_task.start = 1
issue_combat_task.finish = 1
food_influence.start = 1
set_influence.merge start: 2
np_temp_maps.shape = (6, 84, 84)
set_influence.finish: 2
raze_influence.start = 2
set_influence.merge start: 6
np_temp_maps.shape = (1, 84, 84)
set_influence.finish: 7
defense_influence.start = 7
explore_influence.start = 7
influences.finish = 7
explore_influence.diffuse().start = 7
explore_influence.diffuse().finish = 46
merging map.start = 46
merging map.finish = 46
self.avoidance_explore.finish = 47
self.normal_explore.finish = 49
endturn: my_ants count = 49, time_elapsed = 49
turn 81
self.diffuse_time = 1
self.combat_time_history = deque([0, 0, 0, 0, 0])
self.combat_time = 0
self.explore_time = 2
issue_combat_task.start = 1
issue_combat_task.finish = 1
food_influence.start = 1
set_influence.merge start: 1
np_temp_maps.shape = (2, 84, 84)
set_influence.finish: 2
raze_influence.start = 2
set_influence.merge start: 6
np_temp_maps.shape = (1, 84, 84)
set_influence.finish: 7
defense_influence.start = 7
explore_influence.start = 7
influences.finish = 7
explore_influence.diffuse().start = 7
explore_influence.diffuse().finish = 47
merging map.start = 47
merging map.finish = 47
self.avoidance_explore.finish = 47
self.normal_explore.finish = 51
endturn: my_ants count = 49, time_elapsed = 51
turn 82
self.diffuse_time = 1
self.combat_time_history = deque([0, 0, 0, 0, 0])
self.combat_time = 0
self.explore_time = 3
issue_combat_task.start = 1
issue_combat_task.finish = 1
food_influence.start = 1
set_influence.merge start: 1
np_temp_maps.shape = (2, 84, 84)
set_influence.finish: 2
raze_influence.start = 2
defense_influence.start = 2
explore_influence.start = 2
influences.finish = 2
explore_influence.diffuse().start = 2
explore_influence.diffuse().finish = 41
merging map.start = 41
merging map.finish = 41
self.avoidance_explore.finish = 42
self.normal_explore.finish = 44
endturn: my_ants count = 52, time_elapsed = 44
turn 83
self.diffuse_time = 1
self.combat_time_history = deque([0, 0, 0, 0, 0])
self.combat_time = 0
self.explore_time = 2
issue_combat_task.start = 1
issue_combat_task.finish = 1
food_influence.start = 1
set_influence.merge start: 1
np_temp_maps.shape = (2, 84, 84)
set_influence.finish: 1
raze_influence.start = 1
defense_influence.start = 1
explore_influence.start = 1
influences.finish = 1
explore_influence.diffuse().start = 1
explore_influence.diffuse().finish = 41
merging map.start = 41
merging map.finish = 41
self.avoidance_explore.finish = 41
self.normal_explore.finish = 44
endturn: my_ants count = 52, time_elapsed = 44
turn 84
self.diffuse_time = 1
self.combat_time_history = deque([0, 0, 0, 0, 0])
self.combat_time = 0
self.explore_time = 2
issue_combat_task.start = 1
issue_combat_task.finish = 1
food_influence.start = 1
set_influence.merge start: 1
np_temp_maps.shape = (4, 84, 84)
set_influence.finish: 2
raze_influence.start = 2
defense_influence.start = 2
explore_influence.start = 2
influences.finish = 2
explore_influence.diffuse().start = 2
explore_influence.diffuse().finish = 41
merging map.start = 41
merging map.finish = 41
self.avoidance_explore.finish = 42
self.normal_explore.finish = 44
endturn: my_ants count = 52, time_elapsed = 44
turn 85
self.diffuse_time = 1
self.combat_time_history = deque([0, 0, 0, 0, 0])
self.combat_time = 0
self.explore_time = 2
issue_combat_task.start = 1
issue_combat_task.finish = 1
food_influence.start = 1
set_influence.merge start: 2
np_temp_maps.shape = (4, 84, 84)
set_influence.finish: 2
raze_influence.start = 2
defense_influence.start = 2
explore_influence.start = 2
influences.finish = 2
explore_influence.diffuse().start = 2
explore_influence.diffuse().finish = 41
merging map.start = 41
merging map.finish = 41
self.avoidance_explore.finish = 42
self.normal_explore.finish = 44
endturn: my_ants count = 53, time_elapsed = 44
turn 86
self.diffuse_time = 1
self.combat_time_history = deque([0, 0, 0, 0, 0])
self.combat_time = 0
self.explore_time = 2
issue_combat_task.start = 1
issue_combat_task.finish = 1
food_influence.start = 1
set_influence.merge start: 2
np_temp_maps.shape = (5, 84, 84)
set_influence.finish: 2
raze_influence.start = 2
defense_influence.start = 2
explore_influence.start = 2
influences.finish = 2
explore_influence.diffuse().start = 2
explore_influence.diffuse().finish = 41
merging map.start = 41
merging map.finish = 42
self.avoidance_explore.finish = 42
self.normal_explore.finish = 44
endturn: my_ants count = 54, time_elapsed = 44
turn 87
self.diffuse_time = 1
self.combat_time_history = deque([0, 0, 0, 0, 0])
self.combat_time = 0
self.explore_time = 1
issue_combat_task.start = 0
issue_combat_task.finish = 1
food_influence.start = 1
set_influence.merge start: 2
np_temp_maps.shape = (7, 84, 84)
set_influence.finish: 2
raze_influence.start = 2
defense_influence.start = 2
explore_influence.start = 2
influences.finish = 2
explore_influence.diffuse().start = 2
explore_influence.diffuse().finish = 42
merging map.start = 42
merging map.finish = 42
self.avoidance_explore.finish = 42
self.normal_explore.finish = 45
endturn: my_ants count = 53, time_elapsed = 45
turn 88
self.diffuse_time = 1
self.combat_time_history = deque([0, 0, 0, 0, 1])
self.combat_time = 1
self.explore_time = 2
issue_combat_task.start = 0
issue_combat_task.finish = 1
food_influence.start = 1
set_influence.merge start: 2
np_temp_maps.shape = (7, 84, 84)
set_influence.finish: 2
raze_influence.start = 2
defense_influence.start = 2
explore_influence.start = 2
influences.finish = 2
explore_influence.diffuse().start = 2
explore_influence.diffuse().finish = 41
merging map.start = 41
merging map.finish = 41
self.avoidance_explore.finish = 42
self.normal_explore.finish = 44
endturn: my_ants count = 54, time_elapsed = 44
turn 89
self.diffuse_time = 1
self.combat_time_history = deque([0, 0, 0, 1, 1])
self.combat_time = 1
self.explore_time = 2
issue_combat_task.start = 0
issue_combat_task.finish = 1
food_influence.start = 1
set_influence.merge start: 2
np_temp_maps.shape = (7, 84, 84)
set_influence.finish: 2
raze_influence.start = 2
defense_influence.start = 2
explore_influence.start = 2
influences.finish = 2
explore_influence.diffuse().start = 2
explore_influence.diffuse().finish = 41
merging map.start = 42
merging map.finish = 42
self.avoidance_explore.finish = 42
self.normal_explore.finish = 45
endturn: my_ants count = 54, time_elapsed = 45
turn 90
self.diffuse_time = 1
self.combat_time_history = deque([0, 0, 1, 1, 1])
self.combat_time = 1
self.explore_time = 2
issue_combat_task.start = 0
issue_combat_task.finish = 1
food_influence.start = 1
set_influence.merge start: 2
np_temp_maps.shape = (9, 84, 84)
set_influence.finish: 2
raze_influence.start = 2
defense_influence.start = 2
explore_influence.start = 2
influences.finish = 2
explore_influence.diffuse().start = 2
explore_influence.diffuse().finish = 42
merging map.start = 42
merging map.finish = 42
self.avoidance_explore.finish = 42
self.normal_explore.finish = 45
endturn: my_ants count = 55, time_elapsed = 45
turn 91
self.diffuse_time = 1
self.combat_time_history = deque([0, 1, 1, 1, 1])
self.combat_time = 1
self.explore_time = 2
issue_combat_task.start = 0
issue_combat_task.finish = 1
food_influence.start = 1
set_influence.merge start: 2
np_temp_maps.shape = (8, 84, 84)
set_influence.finish: 2
raze_influence.start = 2
defense_influence.start = 2
explore_influence.start = 2
influences.finish = 2
explore_influence.diffuse().start = 2
explore_influence.diffuse().finish = 42
merging map.start = 42
merging map.finish = 42
self.avoidance_explore.finish = 43
self.normal_explore.finish = 45
endturn: my_ants count = 55, time_elapsed = 45
turn 92
self.diffuse_time = 1
self.combat_time_history = deque([1, 1, 1, 1, 1])
self.combat_time = 1
self.explore_time = 2
issue_combat_task.start = 0
issue_combat_task.finish = 1
food_influence.start = 1
set_influence.merge start: 2
np_temp_maps.shape = (7, 84, 84)
set_influence.finish: 2
raze_influence.start = 2
defense_influence.start = 2
explore_influence.start = 2
influences.finish = 2
explore_influence.diffuse().start = 2
explore_influence.diffuse().finish = 42
merging map.start = 42
merging map.finish = 42
self.avoidance_explore.finish = 42
self.normal_explore.finish = 45
endturn: my_ants count = 57, time_elapsed = 45
turn 93
self.diffuse_time = 1
self.combat_time_history = deque([1, 1, 1, 1, 1])
self.combat_time = 1
self.explore_time = 2
issue_combat_task.start = 0
issue_combat_task.finish = 1
food_influence.start = 1
set_influence.merge start: 1
np_temp_maps.shape = (7, 84, 84)
set_influence.finish: 2
raze_influence.start = 2
defense_influence.start = 2
explore_influence.start = 2
influences.finish = 2
explore_influence.diffuse().start = 2
explore_influence.diffuse().finish = 42
merging map.start = 42
merging map.finish = 42
self.avoidance_explore.finish = 43
self.normal_explore.finish = 45
endturn: my_ants count = 57, time_elapsed = 45
turn 94
self.diffuse_time = 1
self.combat_time_history = deque([1, 1, 1, 1, 1])
self.combat_time = 1
self.explore_time = 2
issue_combat_task.start = 0
issue_combat_task.finish = 1
food_influence.start = 1
set_influence.merge start: 1
np_temp_maps.shape = (6, 84, 84)
set_influence.finish: 2
raze_influence.start = 2
defense_influence.start = 2
explore_influence.start = 2
influences.finish = 2
explore_influence.diffuse().start = 2
explore_influence.diffuse().finish = 41
merging map.start = 41
merging map.finish = 41
self.avoidance_explore.finish = 41
self.normal_explore.finish = 44
endturn: my_ants count = 59, time_elapsed = 44
turn 95
self.diffuse_time = 1
self.combat_time_history = deque([1, 1, 1, 1, 1])
self.combat_time = 1
self.explore_time = 2
issue_combat_task.start = 0
issue_combat_task.finish = 1
food_influence.start = 1
set_influence.merge start: 1
np_temp_maps.shape = (7, 84, 84)
set_influence.finish: 1
raze_influence.start = 1
defense_influence.start = 2
explore_influence.start = 2
influences.finish = 2
explore_influence.diffuse().start = 2
explore_influence.diffuse().finish = 41
merging map.start = 41
merging map.finish = 41
self.avoidance_explore.finish = 41
self.normal_explore.finish = 45
endturn: my_ants count = 61, time_elapsed = 45
turn 96
self.diffuse_time = 1
self.combat_time_history = deque([1, 1, 1, 1, 1])
self.combat_time = 1
self.explore_time = 3
issue_combat_task.start = 0
issue_combat_task.finish = 1
food_influence.start = 1
set_influence.merge start: 1
np_temp_maps.shape = (6, 84, 84)
set_influence.finish: 2
raze_influence.start = 2
defense_influence.start = 2
explore_influence.start = 2
influences.finish = 2
explore_influence.diffuse().start = 2
explore_influence.diffuse().finish = 41
merging map.start = 41
merging map.finish = 41
self.avoidance_explore.finish = 42
self.normal_explore.finish = 45
endturn: my_ants count = 61, time_elapsed = 45
turn 97
self.diffuse_time = 1
self.combat_time_history = deque([1, 1, 1, 1, 1])
self.combat_time = 1
self.explore_time = 3
issue_combat_task.start = 0
issue_combat_task.finish = 1
food_influence.start = 1
set_influence.merge start: 1
np_temp_maps.shape = (6, 84, 84)
set_influence.finish: 2
raze_influence.start = 2
defense_influence.start = 2
explore_influence.start = 2
influences.finish = 2
explore_influence.diffuse().start = 2
explore_influence.diffuse().finish = 41
merging map.start = 41
merging map.finish = 41
self.avoidance_explore.finish = 42
self.normal_explore.finish = 45
endturn: my_ants count = 63, time_elapsed = 45
turn 98
self.diffuse_time = 1
self.combat_time_history = deque([1, 1, 1, 1, 1])
self.combat_time = 1
self.explore_time = 3
issue_combat_task.start = 0
issue_combat_task.finish = 1
food_influence.start = 1
set_influence.merge start: 1
np_temp_maps.shape = (6, 84, 84)
set_influence.finish: 2
raze_influence.start = 2
defense_influence.start = 2
explore_influence.start = 2
influences.finish = 2
explore_influence.diffuse().start = 2
explore_influence.diffuse().finish = 42
merging map.start = 42
merging map.finish = 42
self.avoidance_explore.finish = 42
self.normal_explore.finish = 46
endturn: my_ants count = 64, time_elapsed = 46
turn 99
self.diffuse_time = 1
self.combat_time_history = deque([1, 1, 1, 1, 1])
self.combat_time = 1
self.explore_time = 3
issue_combat_task.start = 1
issue_combat_task.finish = 1
food_influence.start = 1
set_influence.merge start: 2
np_temp_maps.shape = (6, 84, 84)
set_influence.finish: 2
raze_influence.start = 2
defense_influence.start = 2
explore_influence.start = 2
influences.finish = 2
explore_influence.diffuse().start = 2
explore_influence.diffuse().finish = 41
merging map.start = 41
merging map.finish = 41
self.avoidance_explore.finish = 42
self.normal_explore.finish = 45
endturn: my_ants count = 64, time_elapsed = 45
turn 100
self.diffuse_time = 1
self.combat_time_history = deque([1, 1, 1, 1, 0])
self.combat_time = 1
self.explore_time = 3
issue_combat_task.start = 0
issue_combat_task.finish = 1
food_influence.start = 1
set_influence.merge start: 2
np_temp_maps.shape = (5, 84, 84)
set_influence.finish: 2
raze_influence.start = 2
defense_influence.start = 2
explore_influence.start = 2
influences.finish = 2
explore_influence.diffuse().start = 2
explore_influence.diffuse().finish = 42
merging map.start = 42
merging map.finish = 42
self.avoidance_explore.finish = 42
self.normal_explore.finish = 45
endturn: my_ants count = 64, time_elapsed = 45
turn 101
self.diffuse_time = 1
self.combat_time_history = deque([1, 1, 1, 0, 1])
self.combat_time = 1
self.explore_time = 2
issue_combat_task.start = 0
issue_combat_task.finish = 1
food_influence.start = 1
set_influence.merge start: 1
np_temp_maps.shape = (4, 84, 84)
set_influence.finish: 1
raze_influence.start = 1
defense_influence.start = 1
explore_influence.start = 1
influences.finish = 2
explore_influence.diffuse().start = 2
explore_influence.diffuse().finish = 40
merging map.start = 41
merging map.finish = 41
self.avoidance_explore.finish = 41
self.normal_explore.finish = 44
endturn: my_ants count = 64, time_elapsed = 44
turn 102
self.diffuse_time = 1
self.combat_time_history = deque([1, 1, 0, 1, 1])
self.combat_time = 1
self.explore_time = 2
issue_combat_task.start = 0
issue_combat_task.finish = 1
food_influence.start = 1
set_influence.merge start: 1
np_temp_maps.shape = (3, 84, 84)
set_influence.finish: 1
raze_influence.start = 1
set_influence.merge start: 3
np_temp_maps.shape = (1, 84, 84)
set_influence.finish: 4
defense_influence.start = 4
explore_influence.start = 4
influences.finish = 4
explore_influence.diffuse().start = 4
explore_influence.diffuse().finish = 43
merging map.start = 43
merging map.finish = 43
self.avoidance_explore.finish = 43
self.normal_explore.finish = 47
endturn: my_ants count = 64, time_elapsed = 47
turn 103
self.diffuse_time = 1
self.combat_time_history = deque([1, 0, 1, 1, 1])
self.combat_time = 1
self.explore_time = 3
issue_combat_task.start = 0
issue_combat_task.finish = 1
food_influence.start = 1
set_influence.merge start: 1
np_temp_maps.shape = (3, 84, 84)
set_influence.finish: 1
raze_influence.start = 1
set_influence.merge start: 3
np_temp_maps.shape = (1, 84, 84)
set_influence.finish: 4
defense_influence.start = 4
explore_influence.start = 4
influences.finish = 4
explore_influence.diffuse().start = 4
explore_influence.diffuse().finish = 43
merging map.start = 44
merging map.finish = 44
self.avoidance_explore.finish = 44
self.normal_explore.finish = 47
endturn: my_ants count = 65, time_elapsed = 47
turn 104
self.diffuse_time = 1
self.combat_time_history = deque([0, 1, 1, 1, 1])
self.combat_time = 1
self.explore_time = 2
issue_combat_task.start = 0
issue_combat_task.finish = 1
food_influence.start = 1
set_influence.merge start: 1
np_temp_maps.shape = (3, 84, 84)
set_influence.finish: 1
raze_influence.start = 1
set_influence.merge start: 3
np_temp_maps.shape = (1, 84, 84)
set_influence.finish: 4
defense_influence.start = 4
explore_influence.start = 4
influences.finish = 4
explore_influence.diffuse().start = 4
explore_influence.diffuse().finish = 43
merging map.start = 43
merging map.finish = 43
self.avoidance_explore.finish = 43
self.normal_explore.finish = 47
endturn: my_ants count = 65, time_elapsed = 47
turn 105
self.diffuse_time = 1
self.combat_time_history = deque([1, 1, 1, 1, 1])
self.combat_time = 1
self.explore_time = 3
issue_combat_task.start = 0
issue_combat_task.finish = 1
food_influence.start = 1
set_influence.merge start: 1
np_temp_maps.shape = (4, 84, 84)
set_influence.finish: 1
raze_influence.start = 1
set_influence.merge start: 3
np_temp_maps.shape = (1, 84, 84)
set_influence.finish: 4
defense_influence.start = 4
explore_influence.start = 4
influences.finish = 4
explore_influence.diffuse().start = 4
explore_influence.diffuse().finish = 44
merging map.start = 44
merging map.finish = 44
self.avoidance_explore.finish = 45
self.normal_explore.finish = 48
endturn: my_ants count = 66, time_elapsed = 48
turn 106
self.diffuse_time = 2
self.combat_time_history = deque([1, 1, 1, 1, 1])
self.combat_time = 1
self.explore_time = 3
issue_combat_task.start = 1
issue_combat_task.finish = 1
food_influence.start = 1
set_influence.merge start: 1
np_temp_maps.shape = (4, 84, 84)
set_influence.finish: 1
raze_influence.start = 1
set_influence.merge start: 4
np_temp_maps.shape = (1, 84, 84)
set_influence.finish: 4
defense_influence.start = 4
explore_influence.start = 4
influences.finish = 4
explore_influence.diffuse().start = 4
explore_influence.diffuse().finish = 44
merging map.start = 44
merging map.finish = 44
self.avoidance_explore.finish = 44
self.normal_explore.finish = 48
endturn: my_ants count = 66, time_elapsed = 48
turn 107
self.diffuse_time = 1
self.combat_time_history = deque([1, 1, 1, 1, 0])
self.combat_time = 1
self.explore_time = 3
issue_combat_task.start = 0
issue_combat_task.finish = 1
food_influence.start = 1
set_influence.merge start: 1
np_temp_maps.shape = (4, 84, 84)
set_influence.finish: 1
raze_influence.start = 1
set_influence.merge start: 3
np_temp_maps.shape = (1, 84, 84)
set_influence.finish: 4
defense_influence.start = 4
explore_influence.start = 4
influences.finish = 4
explore_influence.diffuse().start = 4
explore_influence.diffuse().finish = 43
merging map.start = 43
merging map.finish = 43
self.avoidance_explore.finish = 44
self.normal_explore.finish = 47
endturn: my_ants count = 65, time_elapsed = 47
turn 108
self.diffuse_time = 1
self.combat_time_history = deque([1, 1, 1, 0, 1])
self.combat_time = 1
self.explore_time = 3
issue_combat_task.start = 0
issue_combat_task.finish = 1
food_influence.start = 1
set_influence.merge start: 1
np_temp_maps.shape = (2, 84, 84)
set_influence.finish: 1
raze_influence.start = 1
set_influence.merge start: 3
np_temp_maps.shape = (1, 84, 84)
set_influence.finish: 4
defense_influence.start = 4
explore_influence.start = 4
influences.finish = 4
explore_influence.diffuse().start = 4
explore_influence.diffuse().finish = 44
merging map.start = 44
merging map.finish = 44
self.avoidance_explore.finish = 44
self.normal_explore.finish = 48
endturn: my_ants count = 66, time_elapsed = 48
turn 109
self.diffuse_time = 1
self.combat_time_history = deque([1, 1, 0, 1, 1])
self.combat_time = 1
self.explore_time = 3
issue_combat_task.start = 0
issue_combat_task.finish = 1
food_influence.start = 1
set_influence.merge start: 2
np_temp_maps.shape = (5, 84, 84)
set_influence.finish: 2
raze_influence.start = 2
set_influence.merge start: 4
np_temp_maps.shape = (1, 84, 84)
set_influence.finish: 4
defense_influence.start = 4
explore_influence.start = 4
influences.finish = 4
explore_influence.diffuse().start = 4
explore_influence.diffuse().finish = 43
merging map.start = 43
merging map.finish = 43
self.avoidance_explore.finish = 44
self.normal_explore.finish = 47
endturn: my_ants count = 68, time_elapsed = 47
turn 110
self.diffuse_time = 1
self.combat_time_history = deque([1, 0, 1, 1, 1])
self.combat_time = 1
self.explore_time = 3
issue_combat_task.start = 0
issue_combat_task.finish = 0
food_influence.start = 1
set_influence.merge start: 1
np_temp_maps.shape = (7, 84, 84)
set_influence.finish: 1
raze_influence.start = 1
set_influence.merge start: 3
np_temp_maps.shape = (1, 84, 84)
set_influence.finish: 3
defense_influence.start = 3
explore_influence.start = 3
influences.finish = 3
explore_influence.diffuse().start = 3
explore_influence.diffuse().finish = 43
merging map.start = 43
merging map.finish = 43
self.avoidance_explore.finish = 43
self.normal_explore.finish = 47
endturn: my_ants count = 67, time_elapsed = 47
turn 111
self.diffuse_time = 1
self.combat_time_history = deque([0, 1, 1, 1, 1])
self.combat_time = 1
self.explore_time = 3
issue_combat_task.start = 0
issue_combat_task.finish = 1
food_influence.start = 1
set_influence.merge start: 1
np_temp_maps.shape = (7, 84, 84)
set_influence.finish: 1
raze_influence.start = 1
set_influence.merge start: 3
np_temp_maps.shape = (1, 84, 84)
set_influence.finish: 3
defense_influence.start = 3
explore_influence.start = 3
influences.finish = 3
explore_influence.diffuse().start = 4
explore_influence.diffuse().finish = 43
merging map.start = 43
merging map.finish = 43
self.avoidance_explore.finish = 43
self.normal_explore.finish = 47
endturn: my_ants count = 67, time_elapsed = 47
turn 112
self.diffuse_time = 1
self.combat_time_history = deque([1, 1, 1, 1, 1])
self.combat_time = 1
self.explore_time = 3
issue_combat_task.start = 1
issue_combat_task.finish = 1
food_influence.start = 1
set_influence.merge start: 1
np_temp_maps.shape = (9, 84, 84)
set_influence.finish: 2
raze_influence.start = 2
set_influence.merge start: 3
np_temp_maps.shape = (1, 84, 84)
set_influence.finish: 3
defense_influence.start = 3
explore_influence.start = 3
influences.finish = 3
explore_influence.diffuse().start = 4
explore_influence.diffuse().finish = 42
merging map.start = 42
merging map.finish = 42
self.avoidance_explore.finish = 42
self.normal_explore.finish = 46
endturn: my_ants count = 67, time_elapsed = 46
turn 113
self.diffuse_time = 1
self.combat_time_history = deque([1, 1, 1, 1, 0])
self.combat_time = 1
self.explore_time = 3
issue_combat_task.start = 0
issue_combat_task.finish = 1
food_influence.start = 1
set_influence.merge start: 1
np_temp_maps.shape = (9, 84, 84)
set_influence.finish: 1
raze_influence.start = 1
set_influence.merge start: 3
np_temp_maps.shape = (1, 84, 84)
set_influence.finish: 3
defense_influence.start = 3
explore_influence.start = 3
influences.finish = 3
explore_influence.diffuse().start = 3
explore_influence.diffuse().finish = 42
merging map.start = 42
merging map.finish = 42
self.avoidance_explore.finish = 42
self.normal_explore.finish = 46
endturn: my_ants count = 67, time_elapsed = 46
turn 114
self.diffuse_time = 1
self.combat_time_history = deque([1, 1, 1, 0, 1])
self.combat_time = 1
self.explore_time = 3
issue_combat_task.start = 0
issue_combat_task.finish = 1
food_influence.start = 1
set_influence.merge start: 1
np_temp_maps.shape = (6, 84, 84)
set_influence.finish: 1
raze_influence.start = 1
set_influence.merge start: 3
np_temp_maps.shape = (1, 84, 84)
set_influence.finish: 3
defense_influence.start = 3
explore_influence.start = 3
influences.finish = 3
explore_influence.diffuse().start = 3
explore_influence.diffuse().finish = 41
merging map.start = 41
merging map.finish = 41
self.avoidance_explore.finish = 42
self.normal_explore.finish = 45
endturn: my_ants count = 67, time_elapsed = 45
turn 115
self.diffuse_time = 1
self.combat_time_history = deque([1, 1, 0, 1, 1])
self.combat_time = 1
self.explore_time = 2
issue_combat_task.start = 0
issue_combat_task.finish = 1
food_influence.start = 1
set_influence.merge start: 1
np_temp_maps.shape = (5, 84, 84)
set_influence.finish: 1
raze_influence.start = 1
set_influence.merge start: 2
np_temp_maps.shape = (1, 84, 84)
set_influence.finish: 3
defense_influence.start = 3
explore_influence.start = 3
influences.finish = 3
explore_influence.diffuse().start = 3
explore_influence.diffuse().finish = 42
merging map.start = 42
merging map.finish = 42
self.avoidance_explore.finish = 42
self.normal_explore.finish = 46
endturn: my_ants count = 70, time_elapsed = 46
turn 116
self.diffuse_time = 1
self.combat_time_history = deque([1, 0, 1, 1, 1])
self.combat_time = 1
self.explore_time = 3
issue_combat_task.start = 0
issue_combat_task.finish = 1
food_influence.start = 1
set_influence.merge start: 1
np_temp_maps.shape = (7, 84, 84)
set_influence.finish: 1
raze_influence.start = 1
set_influence.merge start: 2
np_temp_maps.shape = (1, 84, 84)
set_influence.finish: 3
defense_influence.start = 3
explore_influence.start = 3
influences.finish = 3
explore_influence.diffuse().start = 3
explore_influence.diffuse().finish = 41
merging map.start = 41
merging map.finish = 41
self.avoidance_explore.finish = 42
self.normal_explore.finish = 45
endturn: my_ants count = 71, time_elapsed = 45
turn 117
self.diffuse_time = 1
self.combat_time_history = deque([0, 1, 1, 1, 1])
self.combat_time = 1
self.explore_time = 3
issue_combat_task.start = 1
issue_combat_task.finish = 1
food_influence.start = 1
set_influence.merge start: 1
np_temp_maps.shape = (5, 84, 84)
set_influence.finish: 1
raze_influence.start = 1
set_influence.merge start: 2
np_temp_maps.shape = (1, 84, 84)
set_influence.finish: 3
defense_influence.start = 3
explore_influence.start = 3
influences.finish = 3
explore_influence.diffuse().start = 3
explore_influence.diffuse().finish = 42
merging map.start = 42
merging map.finish = 42
self.avoidance_explore.finish = 42
self.normal_explore.finish = 46
endturn: my_ants count = 71, time_elapsed = 46
turn 118
self.diffuse_time = 1
self.combat_time_history = deque([1, 1, 1, 1, 0])
self.combat_time = 1
self.explore_time = 3
issue_combat_task.start = 0
issue_combat_task.finish = 1
food_influence.start = 1
set_influence.merge start: 1
np_temp_maps.shape = (7, 84, 84)
set_influence.finish: 1
raze_influence.start = 1
set_influence.merge start: 3
np_temp_maps.shape = (1, 84, 84)
set_influence.finish: 3
defense_influence.start = 3
explore_influence.start = 3
influences.finish = 3
explore_influence.diffuse().start = 3
explore_influence.diffuse().finish = 41
merging map.start = 41
merging map.finish = 41
self.avoidance_explore.finish = 42
self.normal_explore.finish = 45
endturn: my_ants count = 73, time_elapsed = 45
turn 119
self.diffuse_time = 1
self.combat_time_history = deque([1, 1, 1, 0, 1])
self.combat_time = 1
self.explore_time = 3
issue_combat_task.start = 0
issue_combat_task.finish = 1
food_influence.start = 1
set_influence.merge start: 1
np_temp_maps.shape = (4, 84, 84)
set_influence.finish: 1
raze_influence.start = 1
set_influence.merge start: 3
np_temp_maps.shape = (1, 84, 84)
set_influence.finish: 3
defense_influence.start = 3
explore_influence.start = 3
influences.finish = 3
explore_influence.diffuse().start = 3
explore_influence.diffuse().finish = 42
merging map.start = 42
merging map.finish = 42
self.avoidance_explore.finish = 43
self.normal_explore.finish = 46
endturn: my_ants count = 74, time_elapsed = 46
turn 120
self.diffuse_time = 1
self.combat_time_history = deque([1, 1, 0, 1, 1])
self.combat_time = 1
self.explore_time = 3
issue_combat_task.start = 0
issue_combat_task.finish = 1
food_influence.start = 1
set_influence.merge start: 1
np_temp_maps.shape = (3, 84, 84)
set_influence.finish: 1
raze_influence.start = 1
set_influence.merge start: 6
np_temp_maps.shape = (2, 84, 84)
set_influence.finish: 6
defense_influence.start = 6
explore_influence.start = 6
influences.finish = 7
explore_influence.diffuse().start = 7
explore_influence.diffuse().finish = 45
merging map.start = 45
merging map.finish = 45
self.avoidance_explore.finish = 45
self.normal_explore.finish = 49
endturn: my_ants count = 77, time_elapsed = 49
turn 121
self.diffuse_time = 1
self.combat_time_history = deque([1, 0, 1, 1, 1])
self.combat_time = 1
self.explore_time = 3
issue_combat_task.start = 0
issue_combat_task.finish = 1
food_influence.start = 1
set_influence.merge start: 1
np_temp_maps.shape = (4, 84, 84)
set_influence.finish: 1
raze_influence.start = 1
set_influence.merge start: 6
np_temp_maps.shape = (2, 84, 84)
set_influence.finish: 7
defense_influence.start = 7
explore_influence.start = 7
influences.finish = 7
explore_influence.diffuse().start = 7
explore_influence.diffuse().finish = 46
merging map.start = 46
merging map.finish = 46
self.avoidance_explore.finish = 46
self.normal_explore.finish = 50
endturn: my_ants count = 77, time_elapsed = 50
turn 122
self.diffuse_time = 1
self.combat_time_history = deque([0, 1, 1, 1, 1])
self.combat_time = 1
self.explore_time = 3
issue_combat_task.start = 0
issue_combat_task.finish = 1
food_influence.start = 1
set_influence.merge start: 1
np_temp_maps.shape = (4, 84, 84)
set_influence.finish: 1
raze_influence.start = 1
set_influence.merge start: 6
np_temp_maps.shape = (2, 84, 84)
set_influence.finish: 7
defense_influence.start = 7
explore_influence.start = 7
influences.finish = 7
explore_influence.diffuse().start = 7
explore_influence.diffuse().finish = 45
merging map.start = 45
merging map.finish = 45
self.avoidance_explore.finish = 46
self.normal_explore.finish = 49
endturn: my_ants count = 77, time_elapsed = 49
turn 123
self.diffuse_time = 1
self.combat_time_history = deque([1, 1, 1, 1, 1])
self.combat_time = 1
self.explore_time = 3
issue_combat_task.start = 1
issue_combat_task.finish = 1
food_influence.start = 1
set_influence.merge start: 1
np_temp_maps.shape = (4, 84, 84)
set_influence.finish: 2
raze_influence.start = 2
set_influence.merge start: 7
np_temp_maps.shape = (2, 84, 84)
set_influence.finish: 7
defense_influence.start = 7
explore_influence.start = 7
influences.finish = 8
explore_influence.diffuse().start = 8
explore_influence.diffuse().finish = 45
merging map.start = 45
merging map.finish = 45
self.avoidance_explore.finish = 46
self.normal_explore.finish = 50
endturn: my_ants count = 77, time_elapsed = 50
turn 124
self.diffuse_time = 1
self.combat_time_history = deque([1, 1, 1, 1, 0])
self.combat_time = 1
self.explore_time = 4
issue_combat_task.start = 1
issue_combat_task.finish = 1
food_influence.start = 1
set_influence.merge start: 1
np_temp_maps.shape = (3, 84, 84)
set_influence.finish: 2
raze_influence.start = 2
set_influence.merge start: 6
np_temp_maps.shape = (2, 84, 84)
set_influence.finish: 7
defense_influence.start = 7
explore_influence.start = 7
influences.finish = 7
explore_influence.diffuse().start = 7
explore_influence.diffuse().finish = 46
merging map.start = 46
merging map.finish = 46
self.avoidance_explore.finish = 47
self.normal_explore.finish = 50
endturn: my_ants count = 77, time_elapsed = 50
turn 125
self.diffuse_time = 1
self.combat_time_history = deque([1, 1, 1, 0, 0])
self.combat_time = 1
self.explore_time = 3
issue_combat_task.start = 1
issue_combat_task.finish = 1
food_influence.start = 1
set_influence.merge start: 1
np_temp_maps.shape = (2, 84, 84)
set_influence.finish: 1
raze_influence.start = 1
set_influence.merge start: 5
np_temp_maps.shape = (2, 84, 84)
set_influence.finish: 6
defense_influence.start = 6
explore_influence.start = 6
influences.finish = 6
explore_influence.diffuse().start = 6
explore_influence.diffuse().finish = 44
merging map.start = 44
merging map.finish = 44
self.avoidance_explore.finish = 45
self.normal_explore.finish = 49
endturn: my_ants count = 77, time_elapsed = 49
turn 126
self.diffuse_time = 1
self.combat_time_history = deque([1, 1, 0, 0, 0])
self.combat_time = 1
self.explore_time = 4
issue_combat_task.start = 0
issue_combat_task.finish = 1
food_influence.start = 1
set_influence.merge start: 1
np_temp_maps.shape = (2, 84, 84)
set_influence.finish: 1
raze_influence.start = 1
set_influence.merge start: 6
np_temp_maps.shape = (2, 84, 84)
set_influence.finish: 6
defense_influence.start = 6
explore_influence.start = 6
influences.finish = 7
explore_influence.diffuse().start = 7
explore_influence.diffuse().finish = 45
merging map.start = 45
merging map.finish = 45
self.avoidance_explore.finish = 46
self.normal_explore.finish = 50
endturn: my_ants count = 77, time_elapsed = 50
turn 127
self.diffuse_time = 1
self.combat_time_history = deque([1, 0, 0, 0, 1])
self.combat_time = 1
self.explore_time = 4
issue_combat_task.start = 0
issue_combat_task.finish = 1
food_influence.start = 1
set_influence.merge start: 1
np_temp_maps.shape = (1, 84, 84)
set_influence.finish: 1
raze_influence.start = 1
set_influence.merge start: 5
np_temp_maps.shape = (2, 84, 84)
set_influence.finish: 6
defense_influence.start = 6
explore_influence.start = 6
influences.finish = 6
explore_influence.diffuse().start = 6
explore_influence.diffuse().finish = 44
merging map.start = 44
merging map.finish = 44
self.avoidance_explore.finish = 45
self.normal_explore.finish = 49
endturn: my_ants count = 77, time_elapsed = 49
turn 128
self.diffuse_time = 1
self.combat_time_history = deque([0, 0, 0, 1, 1])
self.combat_time = 1
self.explore_time = 4
issue_combat_task.start = 3
issue_combat_task.finish = 6
food_influence.start = 6
set_influence.merge start: 6
np_temp_maps.shape = (2, 84, 84)
set_influence.finish: 6
raze_influence.start = 6
set_influence.merge start: 13
np_temp_maps.shape = (2, 84, 84)
set_influence.finish: 14
defense_influence.start = 14
explore_influence.start = 14
influences.finish = 14
explore_influence.diffuse().start = 15
explore_influence.diffuse().finish = 56
merging map.start = 56
merging map.finish = 56
self.avoidance_explore.finish = 57
self.normal_explore.finish = 60
endturn: my_ants count = 78, time_elapsed = 60
turn 129
self.diffuse_time = 1
self.combat_time_history = deque([0, 0, 1, 1, 3])
self.combat_time = 3
self.explore_time = 3
issue_combat_task.start = 1
issue_combat_task.finish = 2
food_influence.start = 2
set_influence.merge start: 2
np_temp_maps.shape = (1, 84, 84)
set_influence.finish: 2
raze_influence.start = 2
set_influence.merge start: 6
np_temp_maps.shape = (2, 84, 84)
set_influence.finish: 7
defense_influence.start = 7
explore_influence.start = 7
influences.finish = 7
explore_influence.diffuse().start = 7
explore_influence.diffuse().finish = 46
merging map.start = 46
merging map.finish = 46
self.avoidance_explore.finish = 46
self.normal_explore.finish = 50
endturn: my_ants count = 78, time_elapsed = 50
turn 130
self.diffuse_time = 1
self.combat_time_history = deque([0, 1, 1, 3, 1])
self.combat_time = 3
self.explore_time = 3
issue_combat_task.start = 1
issue_combat_task.finish = 1
food_influence.start = 1
set_influence.merge start: 1
np_temp_maps.shape = (2, 84, 84)
set_influence.finish: 2
raze_influence.start = 2
set_influence.merge start: 6
np_temp_maps.shape = (2, 84, 84)
set_influence.finish: 6
defense_influence.start = 6
explore_influence.start = 6
influences.finish = 7
explore_influence.diffuse().start = 7
explore_influence.diffuse().finish = 45
merging map.start = 45
merging map.finish = 45
self.avoidance_explore.finish = 45
self.normal_explore.finish = 49
endturn: my_ants count = 78, time_elapsed = 49
turn 131
self.diffuse_time = 1
self.combat_time_history = deque([1, 1, 3, 1, 0])
self.combat_time = 3
self.explore_time = 3
issue_combat_task.start = 0
issue_combat_task.finish = 1
food_influence.start = 1
set_influence.merge start: 1
np_temp_maps.shape = (3, 84, 84)
set_influence.finish: 1
raze_influence.start = 1
set_influence.merge start: 2
np_temp_maps.shape = (1, 84, 84)
set_influence.finish: 3
defense_influence.start = 3
explore_influence.start = 3
influences.finish = 3
explore_influence.diffuse().start = 3
explore_influence.diffuse().finish = 40
merging map.start = 40
merging map.finish = 40
self.avoidance_explore.finish = 41
self.normal_explore.finish = 45
endturn: my_ants count = 78, time_elapsed = 45
turn 132
self.diffuse_time = 1
self.combat_time_history = deque([1, 3, 1, 0, 1])
self.combat_time = 3
self.explore_time = 4
issue_combat_task.start = 2
issue_combat_task.finish = 2
food_influence.start = 2
set_influence.merge start: 3
np_temp_maps.shape = (5, 84, 84)
set_influence.finish: 3
raze_influence.start = 3
set_influence.merge start: 5
np_temp_maps.shape = (1, 84, 84)
set_influence.finish: 6
defense_influence.start = 6
explore_influence.start = 6
influences.finish = 6
explore_influence.diffuse().start = 6
explore_influence.diffuse().finish = 43
merging map.start = 43
merging map.finish = 44
self.avoidance_explore.finish = 44
self.normal_explore.finish = 48
endturn: my_ants count = 78, time_elapsed = 48
turn 133
self.diffuse_time = 1
self.combat_time_history = deque([3, 1, 0, 1, 0])
self.combat_time = 3
self.explore_time = 3
issue_combat_task.start = 0
issue_combat_task.finish = 1
food_influence.start = 1
set_influence.merge start: 1
np_temp_maps.shape = (4, 84, 84)
set_influence.finish: 1
raze_influence.start = 1
set_influence.merge start: 3
np_temp_maps.shape = (1, 84, 84)
set_influence.finish: 3
defense_influence.start = 3
explore_influence.start = 3
influences.finish = 3
explore_influence.diffuse().start = 3
explore_influence.diffuse().finish = 41
merging map.start = 41
merging map.finish = 41
self.avoidance_explore.finish = 41
self.normal_explore.finish = 45
endturn: my_ants count = 78, time_elapsed = 45
turn 134
self.diffuse_time = 1
self.combat_time_history = deque([1, 0, 1, 0, 1])
self.combat_time = 1
self.explore_time = 3
issue_combat_task.start = 0
issue_combat_task.finish = 1
food_influence.start = 1
set_influence.merge start: 1
np_temp_maps.shape = (5, 84, 84)
set_influence.finish: 2
raze_influence.start = 2
set_influence.merge start: 3
np_temp_maps.shape = (1, 84, 84)
set_influence.finish: 3
defense_influence.start = 3
explore_influence.start = 3
influences.finish = 3
explore_influence.diffuse().start = 3
explore_influence.diffuse().finish = 41
merging map.start = 41
merging map.finish = 41
self.avoidance_explore.finish = 41
self.normal_explore.finish = 45
endturn: my_ants count = 79, time_elapsed = 45
turn 135
self.diffuse_time = 1
self.combat_time_history = deque([0, 1, 0, 1, 1])
self.combat_time = 1
self.explore_time = 3
issue_combat_task.start = 1
issue_combat_task.finish = 1
food_influence.start = 1
set_influence.merge start: 1
np_temp_maps.shape = (5, 84, 84)
set_influence.finish: 1
raze_influence.start = 1
set_influence.merge start: 3
np_temp_maps.shape = (1, 84, 84)
set_influence.finish: 3
defense_influence.start = 3
explore_influence.start = 3
influences.finish = 3
explore_influence.diffuse().start = 3
explore_influence.diffuse().finish = 41
merging map.start = 41
merging map.finish = 41
self.avoidance_explore.finish = 41
self.normal_explore.finish = 45
endturn: my_ants count = 79, time_elapsed = 45
turn 136
self.diffuse_time = 1
self.combat_time_history = deque([1, 0, 1, 1, 0])
self.combat_time = 1
self.explore_time = 3
issue_combat_task.start = 1
issue_combat_task.finish = 1
food_influence.start = 1
set_influence.merge start: 1
np_temp_maps.shape = (4, 84, 84)
set_influence.finish: 2
raze_influence.start = 2
set_influence.merge start: 3
np_temp_maps.shape = (1, 84, 84)
set_influence.finish: 3
defense_influence.start = 3
explore_influence.start = 3
influences.finish = 3
explore_influence.diffuse().start = 3
explore_influence.diffuse().finish = 43
merging map.start = 43
merging map.finish = 43
self.avoidance_explore.finish = 43
self.normal_explore.finish = 47
endturn: my_ants count = 79, time_elapsed = 47
turn 137
self.diffuse_time = 2
self.combat_time_history = deque([0, 1, 1, 0, 0])
self.combat_time = 1
self.explore_time = 3
issue_combat_task.start = 1
issue_combat_task.finish = 1
food_influence.start = 1
set_influence.merge start: 1
np_temp_maps.shape = (4, 84, 84)
set_influence.finish: 1
raze_influence.start = 1
set_influence.merge start: 3
np_temp_maps.shape = (1, 84, 84)
set_influence.finish: 3
defense_influence.start = 3
explore_influence.start = 3
influences.finish = 3
explore_influence.diffuse().start = 3
explore_influence.diffuse().finish = 40
merging map.start = 40
merging map.finish = 41
self.avoidance_explore.finish = 41
self.normal_explore.finish = 45
endturn: my_ants count = 80, time_elapsed = 45
turn 138
self.diffuse_time = 1
self.combat_time_history = deque([1, 1, 0, 0, 0])
self.combat_time = 1
self.explore_time = 3
issue_combat_task.start = 1
issue_combat_task.finish = 1
food_influence.start = 1
set_influence.merge start: 1
np_temp_maps.shape = (4, 84, 84)
set_influence.finish: 1
raze_influence.start = 1
set_influence.merge start: 2
np_temp_maps.shape = (1, 84, 84)
set_influence.finish: 3
defense_influence.start = 3
explore_influence.start = 3
influences.finish = 3
explore_influence.diffuse().start = 3
explore_influence.diffuse().finish = 40
merging map.start = 41
merging map.finish = 41
self.avoidance_explore.finish = 41
self.normal_explore.finish = 45
endturn: my_ants count = 80, time_elapsed = 45
turn 139
self.diffuse_time = 1
self.combat_time_history = deque([1, 0, 0, 0, 0])
self.combat_time = 1
self.explore_time = 3
issue_combat_task.start = 1
issue_combat_task.finish = 1
food_influence.start = 1
set_influence.merge start: 1
np_temp_maps.shape = (4, 84, 84)
set_influence.finish: 1
raze_influence.start = 1
set_influence.merge start: 3
np_temp_maps.shape = (1, 84, 84)
set_influence.finish: 3
defense_influence.start = 3
explore_influence.start = 3
influences.finish = 3
explore_influence.diffuse().start = 3
explore_influence.diffuse().finish = 41
merging map.start = 41
merging map.finish = 41
self.avoidance_explore.finish = 41
self.normal_explore.finish = 45
endturn: my_ants count = 82, time_elapsed = 45
turn 140
self.diffuse_time = 1
self.combat_time_history = deque([0, 0, 0, 0, 0])
self.combat_time = 0
self.explore_time = 3
issue_combat_task.start = 1
issue_combat_task.finish = 1
food_influence.start = 1
set_influence.merge start: 1
np_temp_maps.shape = (3, 84, 84)
set_influence.finish: 1
raze_influence.start = 1
set_influence.merge start: 3
np_temp_maps.shape = (1, 84, 84)
set_influence.finish: 3
defense_influence.start = 3
explore_influence.start = 3
influences.finish = 3
explore_influence.diffuse().start = 3
explore_influence.diffuse().finish = 41
merging map.start = 41
merging map.finish = 41
self.avoidance_explore.finish = 41
self.normal_explore.finish = 45
endturn: my_ants count = 83, time_elapsed = 45
turn 141
self.diffuse_time = 1
self.combat_time_history = deque([0, 0, 0, 0, 0])
self.combat_time = 0
self.explore_time = 3
issue_combat_task.start = 1
issue_combat_task.finish = 1
food_influence.start = 1
set_influence.merge start: 1
np_temp_maps.shape = (2, 84, 84)
set_influence.finish: 1
raze_influence.start = 1
set_influence.merge start: 2
np_temp_maps.shape = (1, 84, 84)
set_influence.finish: 3
defense_influence.start = 3
explore_influence.start = 3
influences.finish = 3
explore_influence.diffuse().start = 3
explore_influence.diffuse().finish = 41
merging map.start = 41
merging map.finish = 41
self.avoidance_explore.finish = 42
self.normal_explore.finish = 46
endturn: my_ants count = 84, time_elapsed = 46
turn 142
self.diffuse_time = 1
self.combat_time_history = deque([0, 0, 0, 0, 0])
self.combat_time = 0
self.explore_time = 4
issue_combat_task.start = 1
issue_combat_task.finish = 1
food_influence.start = 1
set_influence.merge start: 1
np_temp_maps.shape = (1, 84, 84)
set_influence.finish: 1
raze_influence.start = 1
set_influence.merge start: 3
np_temp_maps.shape = (1, 84, 84)
set_influence.finish: 3
defense_influence.start = 3
explore_influence.start = 3
influences.finish = 3
explore_influence.diffuse().start = 3
explore_influence.diffuse().finish = 41
merging map.start = 41
merging map.finish = 41
self.avoidance_explore.finish = 41
self.normal_explore.finish = 45
endturn: my_ants count = 85, time_elapsed = 45
turn 2
self.diffuse_time = 1
self.combat_time_history = deque([0, 0, 0, 0, 0])
self.combat_time = 0
self.explore_time = 3
issue_combat_task.start = 1
issue_combat_task.finish = 1
food_influence.start = 1
set_influence.merge start: 1
np_temp_maps.shape = (1, 84, 84)
set_influence.finish: 1
raze_influence.start = 1
defense_influence.start = 1
explore_influence.start = 1
influences.finish = 1
explore_influence.diffuse().start = 2
explore_influence.diffuse().finish = 39
merging map.start = 39
merging map.finish = 40
self.avoidance_explore.finish = 40
self.normal_explore.finish = 44
endturn: my_ants count = 86, time_elapsed = 44
